{"/home/travis/build/npmtest/node-npmtest-naught/test.js":{"path":"/home/travis/build/npmtest/node-npmtest-naught/test.js","s":{"1":2,"2":2,"3":2,"4":2,"5":2,"6":2,"7":2,"8":1,"9":2,"10":2,"11":1,"12":1,"13":1,"14":1,"15":2,"16":2,"17":2,"18":2,"19":1,"20":1,"21":2,"22":2,"23":2,"24":1,"25":1,"26":1,"27":1,"28":1,"29":1,"30":1,"31":1,"32":1,"33":1,"34":1,"35":1,"36":1,"37":1,"38":1,"39":2,"40":2,"41":1,"42":2,"43":2,"44":1,"45":2,"46":2,"47":1,"48":2,"49":2,"50":1,"51":1,"52":1,"53":1,"54":1},"b":{"1":[2,1,1,1],"2":[1,1,1,1],"3":[1,1],"4":[1,1],"5":[1,1],"6":[1,1],"7":[1,1],"8":[1,1],"9":[1,1],"10":[1,1,1],"11":[1,1],"12":[1,1],"13":[1,1],"14":[1,1],"15":[1,1],"16":[1,1],"17":[1,1]},"f":{"1":2,"2":2,"3":2,"4":2,"5":2,"6":1,"7":1,"8":1,"9":2,"10":2,"11":2,"12":2,"13":1},"fnMap":{"1":{"name":"(anonymous_1)","line":12,"loc":{"start":{"line":12,"column":1},"end":{"line":12,"column":13}}},"2":{"name":"(anonymous_2)","line":19,"loc":{"start":{"line":19,"column":5},"end":{"line":19,"column":17}}},"3":{"name":"(anonymous_3)","line":23,"loc":{"start":{"line":23,"column":24},"end":{"line":23,"column":36}}},"4":{"name":"(anonymous_4)","line":61,"loc":{"start":{"line":61,"column":5},"end":{"line":61,"column":17}}},"5":{"name":"(anonymous_5)","line":82,"loc":{"start":{"line":82,"column":5},"end":{"line":82,"column":17}}},"6":{"name":"(anonymous_6)","line":91,"loc":{"start":{"line":91,"column":77},"end":{"line":94,"column":10}}},"7":{"name":"(anonymous_7)","line":112,"loc":{"start":{"line":112,"column":83},"end":{"line":115,"column":10}},"skip":true},"8":{"name":"(anonymous_8)","line":123,"loc":{"start":{"line":123,"column":77},"end":{"line":126,"column":10}},"skip":true},"9":{"name":"(anonymous_9)","line":139,"loc":{"start":{"line":139,"column":12},"end":{"line":139,"column":40}},"skip":true},"10":{"name":"(anonymous_10)","line":147,"loc":{"start":{"line":147,"column":77},"end":{"line":150,"column":10}},"skip":true},"11":{"name":"(anonymous_11)","line":158,"loc":{"start":{"line":158,"column":83},"end":{"line":161,"column":10}},"skip":true},"12":{"name":"(anonymous_12)","line":169,"loc":{"start":{"line":169,"column":79},"end":{"line":172,"column":10}},"skip":true},"13":{"name":"(anonymous_13)","line":180,"loc":{"start":{"line":180,"column":75},"end":{"line":183,"column":10}},"skip":true}},"statementMap":{"1":{"start":{"line":12,"column":0},"end":{"line":195,"column":5}},"2":{"start":{"line":14,"column":4},"end":{"line":14,"column":14}},"3":{"start":{"line":19,"column":4},"end":{"line":56,"column":9}},"4":{"start":{"line":21,"column":8},"end":{"line":21,"column":19}},"5":{"start":{"line":23,"column":8},"end":{"line":35,"column":13}},"6":{"start":{"line":24,"column":12},"end":{"line":34,"column":13}},"7":{"start":{"line":25,"column":16},"end":{"line":28,"column":30}},"8":{"start":{"line":30,"column":16},"end":{"line":33,"column":27}},"9":{"start":{"line":37,"column":8},"end":{"line":39,"column":21}},"10":{"start":{"line":40,"column":8},"end":{"line":53,"column":9}},"11":{"start":{"line":43,"column":12},"end":{"line":46,"column":14}},"12":{"start":{"line":47,"column":12},"end":{"line":47,"column":18}},"13":{"start":{"line":50,"column":12},"end":{"line":51,"column":33}},"14":{"start":{"line":52,"column":12},"end":{"line":52,"column":18}},"15":{"start":{"line":55,"column":8},"end":{"line":55,"column":35}},"16":{"start":{"line":61,"column":4},"end":{"line":63,"column":9}},"17":{"start":{"line":62,"column":8},"end":{"line":62,"column":15}},"18":{"start":{"line":64,"column":4},"end":{"line":77,"column":5}},"19":{"start":{"line":70,"column":8},"end":{"line":70,"column":14}},"20":{"start":{"line":76,"column":8},"end":{"line":76,"column":14}},"21":{"start":{"line":82,"column":4},"end":{"line":84,"column":9}},"22":{"start":{"line":83,"column":8},"end":{"line":83,"column":15}},"23":{"start":{"line":85,"column":4},"end":{"line":194,"column":5}},"24":{"start":{"line":91,"column":8},"end":{"line":99,"column":10}},"25":{"start":{"line":98,"column":12},"end":{"line":98,"column":35}},"26":{"start":{"line":102,"column":8},"end":{"line":104,"column":63}},"27":{"start":{"line":105,"column":8},"end":{"line":105,"column":14}},"28":{"start":{"line":112,"column":8},"end":{"line":121,"column":10},"skip":true},"29":{"start":{"line":119,"column":12},"end":{"line":119,"column":55},"skip":true},"30":{"start":{"line":120,"column":12},"end":{"line":120,"column":48},"skip":true},"31":{"start":{"line":123,"column":8},"end":{"line":136,"column":10},"skip":true},"32":{"start":{"line":130,"column":12},"end":{"line":130,"column":76},"skip":true},"33":{"start":{"line":131,"column":12},"end":{"line":131,"column":73},"skip":true},"34":{"start":{"line":132,"column":12},"end":{"line":132,"column":74},"skip":true},"35":{"start":{"line":133,"column":12},"end":{"line":133,"column":79},"skip":true},"36":{"start":{"line":134,"column":12},"end":{"line":134,"column":25},"skip":true},"37":{"start":{"line":135,"column":12},"end":{"line":135,"column":45},"skip":true},"38":{"start":{"line":138,"column":8},"end":{"line":145,"column":14},"skip":true},"39":{"start":{"line":143,"column":16},"end":{"line":143,"column":29},"skip":true},"40":{"start":{"line":144,"column":16},"end":{"line":144,"column":55},"skip":true},"41":{"start":{"line":147,"column":8},"end":{"line":156,"column":10},"skip":true},"42":{"start":{"line":154,"column":12},"end":{"line":154,"column":25},"skip":true},"43":{"start":{"line":155,"column":12},"end":{"line":155,"column":45},"skip":true},"44":{"start":{"line":158,"column":8},"end":{"line":167,"column":10},"skip":true},"45":{"start":{"line":165,"column":12},"end":{"line":165,"column":25},"skip":true},"46":{"start":{"line":166,"column":12},"end":{"line":166,"column":48},"skip":true},"47":{"start":{"line":169,"column":8},"end":{"line":178,"column":10},"skip":true},"48":{"start":{"line":176,"column":12},"end":{"line":176,"column":25},"skip":true},"49":{"start":{"line":177,"column":12},"end":{"line":177,"column":46},"skip":true},"50":{"start":{"line":180,"column":8},"end":{"line":189,"column":10},"skip":true},"51":{"start":{"line":187,"column":12},"end":{"line":187,"column":94},"skip":true},"52":{"start":{"line":188,"column":12},"end":{"line":188,"column":48},"skip":true},"53":{"start":{"line":192,"column":8},"end":{"line":192,"column":35},"skip":true},"54":{"start":{"line":193,"column":8},"end":{"line":193,"column":14},"skip":true}},"branchMap":{"1":{"line":25,"type":"binary-expr","locations":[{"start":{"line":25,"column":23},"end":{"line":25,"column":62}},{"start":{"line":26,"column":20},"end":{"line":26,"column":70}},{"start":{"line":27,"column":20},"end":{"line":27,"column":71}},{"start":{"line":28,"column":20},"end":{"line":28,"column":29}}]},"2":{"line":30,"type":"binary-expr","locations":[{"start":{"line":30,"column":23},"end":{"line":30,"column":37}},{"start":{"line":31,"column":20},"end":{"line":31,"column":61}},{"start":{"line":32,"column":20},"end":{"line":32,"column":70}},{"start":{"line":33,"column":20},"end":{"line":33,"column":26}}]},"3":{"line":37,"type":"cond-expr","locations":[{"start":{"line":38,"column":14},"end":{"line":38,"column":20}},{"start":{"line":39,"column":14},"end":{"line":39,"column":20}}]},"4":{"line":40,"type":"switch","locations":[{"start":{"line":42,"column":8},"end":{"line":47,"column":18}},{"start":{"line":49,"column":8},"end":{"line":52,"column":18}}]},"5":{"line":44,"type":"binary-expr","locations":[{"start":{"line":44,"column":16},"end":{"line":44,"column":44}},{"start":{"line":44,"column":48},"end":{"line":44,"column":66}}]},"6":{"line":50,"type":"binary-expr","locations":[{"start":{"line":50,"column":21},"end":{"line":50,"column":49}},{"start":{"line":50,"column":53},"end":{"line":50,"column":72}}]},"7":{"line":64,"type":"switch","locations":[{"start":{"line":69,"column":4},"end":{"line":70,"column":14}},{"start":{"line":75,"column":4},"end":{"line":76,"column":14}}]},"8":{"line":85,"type":"switch","locations":[{"start":{"line":90,"column":4},"end":{"line":105,"column":14}},{"start":{"line":111,"column":4},"end":{"line":193,"column":14},"skip":true}]},"9":{"line":91,"type":"binary-expr","locations":[{"start":{"line":91,"column":42},"end":{"line":91,"column":73}},{"start":{"line":91,"column":77},"end":{"line":99,"column":9}}]},"10":{"line":102,"type":"binary-expr","locations":[{"start":{"line":102,"column":18},"end":{"line":102,"column":32}},{"start":{"line":103,"column":12},"end":{"line":103,"column":53}},{"start":{"line":104,"column":12},"end":{"line":104,"column":61}}]},"11":{"line":112,"type":"binary-expr","locations":[{"start":{"line":112,"column":45},"end":{"line":112,"column":79},"skip":true},{"start":{"line":112,"column":83},"end":{"line":121,"column":9},"skip":true}]},"12":{"line":123,"type":"binary-expr","locations":[{"start":{"line":123,"column":42},"end":{"line":123,"column":73},"skip":true},{"start":{"line":123,"column":77},"end":{"line":136,"column":9},"skip":true}]},"13":{"line":138,"type":"binary-expr","locations":[{"start":{"line":138,"column":48},"end":{"line":138,"column":85},"skip":true},{"start":{"line":139,"column":12},"end":{"line":145,"column":13},"skip":true}]},"14":{"line":147,"type":"binary-expr","locations":[{"start":{"line":147,"column":42},"end":{"line":147,"column":73},"skip":true},{"start":{"line":147,"column":77},"end":{"line":156,"column":9},"skip":true}]},"15":{"line":158,"type":"binary-expr","locations":[{"start":{"line":158,"column":45},"end":{"line":158,"column":79},"skip":true},{"start":{"line":158,"column":83},"end":{"line":167,"column":9},"skip":true}]},"16":{"line":169,"type":"binary-expr","locations":[{"start":{"line":169,"column":43},"end":{"line":169,"column":75},"skip":true},{"start":{"line":169,"column":79},"end":{"line":178,"column":9},"skip":true}]},"17":{"line":180,"type":"binary-expr","locations":[{"start":{"line":180,"column":41},"end":{"line":180,"column":71},"skip":true},{"start":{"line":180,"column":75},"end":{"line":189,"column":9},"skip":true}]}},"code":["/* istanbul instrument in package npmtest_naught */","/*jslint","    bitwise: true,","    browser: true,","    maxerr: 8,","    maxlen: 96,","    node: true,","    nomen: true,","    regexp: true,","    stupid: true","*/","(function () {","    'use strict';","    var local;","","","","    // run shared js-env code - init-before","    (function () {","        // init local","        local = {};","        // init modeJs","        local.modeJs = (function () {","            try {","                return typeof navigator.userAgent === 'string' &&","                    typeof document.querySelector('body') === 'object' &&","                    typeof XMLHttpRequest.prototype.open === 'function' &&","                    'browser';","            } catch (errorCaughtBrowser) {","                return module.exports &&","                    typeof process.versions.node === 'string' &&","                    typeof require('http').createServer === 'function' &&","                    'node';","            }","        }());","        // init global","        local.global = local.modeJs === 'browser'","            ? window","            : global;","        switch (local.modeJs) {","        // re-init local from window.local","        case 'browser':","            local = local.global.utility2.objectSetDefault(","                local.global.utility2_rollup || local.global.local,","                local.global.utility2","            );","            break;","        // re-init local from example.js","        case 'node':","            local = (local.global.utility2_rollup || require('utility2'))","                .requireReadme();","            break;","        }","        // export local","        local.global.local = local;","    }());","","","","    // run shared js-env code - function","    (function () {","        return;","    }());","    switch (local.modeJs) {","","","","    // run browser js-env code - function","    case 'browser':","        break;","","","","    // run node js-env code - function","    case 'node':","        break;","    }","","","","    // run shared js-env code - init-after","    (function () {","        return;","    }());","    switch (local.modeJs) {","","","","    // run browser js-env code - init-after","    case 'browser':","        local.testCase_browser_nullCase = local.testCase_browser_nullCase || function (","            options,","            onError","        ) {","        /*","         * this function will test browsers's null-case handling-behavior-behavior","         */","            onError(null, options);","        };","","        // run tests","        local.nop(local.modeTest &&","            document.querySelector('#testRunButton1') &&","            document.querySelector('#testRunButton1').click());","        break;","","","","    // run node js-env code - init-after","    /* istanbul ignore next */","    case 'node':","        local.testCase_buildApidoc_default = local.testCase_buildApidoc_default || function (","            options,","            onError","        ) {","        /*","         * this function will test buildApidoc's default handling-behavior-behavior","         */","            options = { modulePathList: module.paths };","            local.buildApidoc(options, onError);","        };","","        local.testCase_buildApp_default = local.testCase_buildApp_default || function (","            options,","            onError","        ) {","        /*","         * this function will test buildApp's default handling-behavior-behavior","         */","            local.testCase_buildReadme_default(options, local.onErrorThrow);","            local.testCase_buildLib_default(options, local.onErrorThrow);","            local.testCase_buildTest_default(options, local.onErrorThrow);","            local.testCase_buildCustomOrg_default(options, local.onErrorThrow);","            options = [];","            local.buildApp(options, onError);","        };","","        local.testCase_buildCustomOrg_default = local.testCase_buildCustomOrg_default ||","            function (options, onError) {","            /*","             * this function will test buildCustomOrg's default handling-behavior","             */","                options = {};","                local.buildCustomOrg(options, onError);","            };","","        local.testCase_buildLib_default = local.testCase_buildLib_default || function (","            options,","            onError","        ) {","        /*","         * this function will test buildLib's default handling-behavior","         */","            options = {};","            local.buildLib(options, onError);","        };","","        local.testCase_buildReadme_default = local.testCase_buildReadme_default || function (","            options,","            onError","        ) {","        /*","         * this function will test buildReadme's default handling-behavior-behavior","         */","            options = {};","            local.buildReadme(options, onError);","        };","","        local.testCase_buildTest_default = local.testCase_buildTest_default || function (","            options,","            onError","        ) {","        /*","         * this function will test buildTest's default handling-behavior","         */","            options = {};","            local.buildTest(options, onError);","        };","","        local.testCase_webpage_default = local.testCase_webpage_default || function (","            options,","            onError","        ) {","        /*","         * this function will test webpage's default handling-behavior","         */","            options = { modeCoverageMerge: true, url: local.serverLocalHost + '?modeTest=1' };","            local.browserTest(options, onError);","        };","","        // run test-server","        local.testRunServer(local);","        break;","    }","}());",""],"l":{"12":2,"14":2,"19":2,"21":2,"23":2,"24":2,"25":2,"30":1,"37":2,"40":2,"43":1,"47":1,"50":1,"52":1,"55":2,"61":2,"62":2,"64":2,"70":1,"76":1,"82":2,"83":2,"85":2,"91":1,"98":1,"102":1,"105":1,"112":1,"119":1,"120":1,"123":1,"130":1,"131":1,"132":1,"133":1,"134":1,"135":1,"138":1,"143":2,"144":2,"147":1,"154":2,"155":2,"158":1,"165":2,"166":2,"169":1,"176":2,"177":2,"180":1,"187":1,"188":1,"192":1,"193":1}},"/home/travis/build/npmtest/node-npmtest-naught/lib.npmtest_naught.js":{"path":"/home/travis/build/npmtest/node-npmtest-naught/lib.npmtest_naught.js","s":{"1":2,"2":2,"3":2,"4":2,"5":2,"6":2,"7":2,"8":1,"9":2,"10":2,"11":2,"12":2,"13":1,"14":1,"15":1,"16":1},"b":{"1":[2,1,1,1],"2":[1,1,1,1],"3":[1,1],"4":[2,2],"5":[1,1]},"f":{"1":2,"2":2,"3":2},"fnMap":{"1":{"name":"(anonymous_1)","line":12,"loc":{"start":{"line":12,"column":1},"end":{"line":12,"column":13}}},"2":{"name":"(anonymous_2)","line":19,"loc":{"start":{"line":19,"column":5},"end":{"line":19,"column":17}}},"3":{"name":"(anonymous_3)","line":23,"loc":{"start":{"line":23,"column":24},"end":{"line":23,"column":36}}}},"statementMap":{"1":{"start":{"line":12,"column":0},"end":{"line":53,"column":5}},"2":{"start":{"line":14,"column":4},"end":{"line":14,"column":14}},"3":{"start":{"line":19,"column":4},"end":{"line":52,"column":9}},"4":{"start":{"line":21,"column":8},"end":{"line":21,"column":19}},"5":{"start":{"line":23,"column":8},"end":{"line":35,"column":13}},"6":{"start":{"line":24,"column":12},"end":{"line":34,"column":13}},"7":{"start":{"line":25,"column":16},"end":{"line":28,"column":30}},"8":{"start":{"line":30,"column":16},"end":{"line":33,"column":27}},"9":{"start":{"line":37,"column":8},"end":{"line":39,"column":21}},"10":{"start":{"line":41,"column":8},"end":{"line":41,"column":54}},"11":{"start":{"line":43,"column":8},"end":{"line":43,"column":51}},"12":{"start":{"line":45,"column":8},"end":{"line":51,"column":9}},"13":{"start":{"line":46,"column":12},"end":{"line":46,"column":57}},"14":{"start":{"line":48,"column":12},"end":{"line":48,"column":35}},"15":{"start":{"line":49,"column":12},"end":{"line":49,"column":49}},"16":{"start":{"line":50,"column":12},"end":{"line":50,"column":43}}},"branchMap":{"1":{"line":25,"type":"binary-expr","locations":[{"start":{"line":25,"column":23},"end":{"line":25,"column":62}},{"start":{"line":26,"column":20},"end":{"line":26,"column":70}},{"start":{"line":27,"column":20},"end":{"line":27,"column":71}},{"start":{"line":28,"column":20},"end":{"line":28,"column":29}}]},"2":{"line":30,"type":"binary-expr","locations":[{"start":{"line":30,"column":23},"end":{"line":30,"column":37}},{"start":{"line":31,"column":20},"end":{"line":31,"column":61}},{"start":{"line":32,"column":20},"end":{"line":32,"column":70}},{"start":{"line":33,"column":20},"end":{"line":33,"column":26}}]},"3":{"line":37,"type":"cond-expr","locations":[{"start":{"line":38,"column":14},"end":{"line":38,"column":20}},{"start":{"line":39,"column":14},"end":{"line":39,"column":20}}]},"4":{"line":41,"type":"binary-expr","locations":[{"start":{"line":41,"column":16},"end":{"line":41,"column":44}},{"start":{"line":41,"column":48},"end":{"line":41,"column":53}}]},"5":{"line":45,"type":"if","locations":[{"start":{"line":45,"column":8},"end":{"line":45,"column":8}},{"start":{"line":45,"column":8},"end":{"line":45,"column":8}}]}},"code":["/* istanbul instrument in package npmtest_naught */","/*jslint","    bitwise: true,","    browser: true,","    maxerr: 8,","    maxlen: 96,","    node: true,","    nomen: true,","    regexp: true,","    stupid: true","*/","(function () {","    'use strict';","    var local;","","","","    // run shared js-env code - init-before","    (function () {","        // init local","        local = {};","        // init modeJs","        local.modeJs = (function () {","            try {","                return typeof navigator.userAgent === 'string' &&","                    typeof document.querySelector('body') === 'object' &&","                    typeof XMLHttpRequest.prototype.open === 'function' &&","                    'browser';","            } catch (errorCaughtBrowser) {","                return module.exports &&","                    typeof process.versions.node === 'string' &&","                    typeof require('http').createServer === 'function' &&","                    'node';","            }","        }());","        // init global","        local.global = local.modeJs === 'browser'","            ? window","            : global;","        // init utility2_rollup","        local = local.global.utility2_rollup || local;","        // init lib","        local.local = local.npmtest_naught = local;","        // init exports","        if (local.modeJs === 'browser') {","            local.global.utility2_npmtest_naught = local;","        } else {","            module.exports = local;","            module.exports.__dirname = __dirname;","            module.exports.module = module;","        }","    }());","}());",""],"l":{"12":2,"14":2,"19":2,"21":2,"23":2,"24":2,"25":2,"30":1,"37":2,"41":2,"43":2,"45":2,"46":1,"48":1,"49":1,"50":1}},"/home/travis/build/npmtest/node-npmtest-naught/example.js":{"path":"/home/travis/build/npmtest/node-npmtest-naught/example.js","s":{"1":2,"2":2,"3":2,"4":2,"5":2,"6":2,"7":2,"8":1,"9":2,"10":2,"11":2,"12":2,"13":1,"14":2,"15":2,"16":2,"17":2,"18":2,"19":0,"20":2,"21":1,"22":1,"23":1,"24":1,"25":1,"26":0,"27":0,"28":1,"29":1,"30":2,"31":0,"32":0,"33":0,"34":1,"35":2,"36":2,"37":3,"38":3,"39":3,"40":3,"41":0,"42":3,"43":3,"44":3,"45":1,"46":3,"47":1,"48":1,"49":1,"50":1,"51":1,"52":1,"53":1,"54":1,"55":1,"56":1,"57":0,"58":1,"59":6,"60":6,"61":1,"62":2,"63":0,"64":2,"65":1,"66":1,"67":0,"68":0,"69":0,"70":0,"71":0,"72":0,"73":0,"74":0,"75":0,"76":0,"77":0,"78":0,"79":0,"80":0,"81":0,"82":0,"83":0},"b":{"1":[2,1,1,1],"2":[1,1,1,1],"3":[1,1],"4":[2,2],"5":[1,1],"6":[1,1],"7":[2,0],"8":[2,1,1,1,1,1],"9":[0,2,0],"10":[1,1],"11":[2,1,1],"12":[1,0],"13":[0,2],"14":[2,0,0,0,0,0,0],"15":[0,3],"16":[3,0],"17":[1,1],"18":[0,1],"19":[1,2,0,2],"20":[1,0],"21":[1,1],"22":[0,0],"23":[0,0],"24":[0,0],"25":[0,0],"26":[0,0],"27":[0,0],"28":[0,0]},"f":{"1":2,"2":2,"3":2,"4":2,"5":2,"6":2,"7":3,"8":3,"9":3,"10":1,"11":6,"12":0},"fnMap":{"1":{"name":"(anonymous_1)","line":26,"loc":{"start":{"line":26,"column":1},"end":{"line":26,"column":13}}},"2":{"name":"(anonymous_2)","line":33,"loc":{"start":{"line":33,"column":5},"end":{"line":33,"column":17}}},"3":{"name":"(anonymous_3)","line":37,"loc":{"start":{"line":37,"column":24},"end":{"line":37,"column":36}}},"4":{"name":"(anonymous_4)","line":69,"loc":{"start":{"line":69,"column":31},"end":{"line":69,"column":48}},"skip":true},"5":{"name":"(anonymous_5)","line":78,"loc":{"start":{"line":78,"column":26},"end":{"line":78,"column":45}},"skip":true},"6":{"name":"(anonymous_6)","line":123,"loc":{"start":{"line":123,"column":33},"end":{"line":123,"column":48}},"skip":true},"7":{"name":"(anonymous_7)","line":125,"loc":{"start":{"line":125,"column":27},"end":{"line":125,"column":39}},"skip":true},"8":{"name":"(anonymous_8)","line":133,"loc":{"start":{"line":133,"column":59},"end":{"line":133,"column":74}},"skip":true},"9":{"name":"(anonymous_9)","line":143,"loc":{"start":{"line":143,"column":45},"end":{"line":143,"column":62}},"skip":true},"10":{"name":"(anonymous_10)","line":144,"loc":{"start":{"line":144,"column":73},"end":{"line":144,"column":92}},"skip":true},"11":{"name":"(anonymous_11)","line":272,"loc":{"start":{"line":272,"column":51},"end":{"line":272,"column":77}},"skip":true},"12":{"name":"(anonymous_12)","line":315,"loc":{"start":{"line":315,"column":32},"end":{"line":315,"column":61}},"skip":true}},"statementMap":{"1":{"start":{"line":26,"column":0},"end":{"line":326,"column":5}},"2":{"start":{"line":28,"column":4},"end":{"line":28,"column":14}},"3":{"start":{"line":33,"column":4},"end":{"line":60,"column":9}},"4":{"start":{"line":35,"column":8},"end":{"line":35,"column":19}},"5":{"start":{"line":37,"column":8},"end":{"line":49,"column":13}},"6":{"start":{"line":38,"column":12},"end":{"line":48,"column":13}},"7":{"start":{"line":39,"column":16},"end":{"line":42,"column":30}},"8":{"start":{"line":44,"column":16},"end":{"line":47,"column":27}},"9":{"start":{"line":51,"column":8},"end":{"line":53,"column":21}},"10":{"start":{"line":55,"column":8},"end":{"line":57,"column":45}},"11":{"start":{"line":59,"column":8},"end":{"line":59,"column":35}},"12":{"start":{"line":61,"column":4},"end":{"line":325,"column":5}},"13":{"start":{"line":69,"column":8},"end":{"line":121,"column":10},"skip":true},"14":{"start":{"line":70,"column":12},"end":{"line":88,"column":13},"skip":true},"15":{"start":{"line":76,"column":16},"end":{"line":87,"column":19},"skip":true},"16":{"start":{"line":79,"column":20},"end":{"line":86,"column":21},"skip":true},"17":{"start":{"line":82,"column":24},"end":{"line":82,"column":43},"skip":true},"18":{"start":{"line":83,"column":24},"end":{"line":83,"column":30},"skip":true},"19":{"start":{"line":85,"column":24},"end":{"line":85,"column":49},"skip":true},"20":{"start":{"line":89,"column":12},"end":{"line":107,"column":13},"skip":true},"21":{"start":{"line":92,"column":16},"end":{"line":102,"column":17},"skip":true},"22":{"start":{"line":93,"column":20},"end":{"line":93,"column":86},"skip":true},"23":{"start":{"line":94,"column":20},"end":{"line":95,"column":45},"skip":true},"24":{"start":{"line":96,"column":20},"end":{"line":96,"column":42},"skip":true},"25":{"start":{"line":97,"column":20},"end":{"line":97,"column":48},"skip":true},"26":{"start":{"line":100,"column":20},"end":{"line":100,"column":85},"skip":true},"27":{"start":{"line":101,"column":20},"end":{"line":101,"column":96},"skip":true},"28":{"start":{"line":103,"column":16},"end":{"line":103,"column":22},"skip":true},"29":{"start":{"line":106,"column":16},"end":{"line":106,"column":22},"skip":true},"30":{"start":{"line":108,"column":12},"end":{"line":120,"column":13},"skip":true},"31":{"start":{"line":114,"column":16},"end":{"line":119,"column":17},"skip":true},"32":{"start":{"line":116,"column":20},"end":{"line":116,"column":78},"skip":true},"33":{"start":{"line":118,"column":20},"end":{"line":118,"column":47},"skip":true},"34":{"start":{"line":123,"column":8},"end":{"line":141,"column":11},"skip":true},"35":{"start":{"line":124,"column":12},"end":{"line":124,"column":54},"skip":true},"36":{"start":{"line":125,"column":12},"end":{"line":140,"column":14},"skip":true},"37":{"start":{"line":126,"column":16},"end":{"line":126,"column":28},"skip":true},"38":{"start":{"line":127,"column":16},"end":{"line":127,"column":69},"skip":true},"39":{"start":{"line":128,"column":16},"end":{"line":128,"column":75},"skip":true},"40":{"start":{"line":129,"column":16},"end":{"line":131,"column":17},"skip":true},"41":{"start":{"line":130,"column":20},"end":{"line":130,"column":27},"skip":true},"42":{"start":{"line":133,"column":16},"end":{"line":137,"column":36},"skip":true},"43":{"start":{"line":134,"column":20},"end":{"line":136,"column":55},"skip":true},"44":{"start":{"line":139,"column":16},"end":{"line":139,"column":57},"skip":true},"45":{"start":{"line":143,"column":8},"end":{"line":147,"column":11},"skip":true},"46":{"start":{"line":144,"column":12},"end":{"line":146,"column":15},"skip":true},"47":{"start":{"line":145,"column":16},"end":{"line":145,"column":70},"skip":true},"48":{"start":{"line":149,"column":8},"end":{"line":149,"column":31},"skip":true},"49":{"start":{"line":150,"column":8},"end":{"line":150,"column":14},"skip":true},"50":{"start":{"line":158,"column":8},"end":{"line":158,"column":31},"skip":true},"51":{"start":{"line":160,"column":8},"end":{"line":160,"column":33},"skip":true},"52":{"start":{"line":161,"column":8},"end":{"line":161,"column":37},"skip":true},"53":{"start":{"line":162,"column":8},"end":{"line":162,"column":35},"skip":true},"54":{"start":{"line":164,"column":8},"end":{"line":164,"column":50},"skip":true},"55":{"start":{"line":166,"column":8},"end":{"line":256,"column":2},"skip":true},"56":{"start":{"line":258,"column":8},"end":{"line":286,"column":9},"skip":true},"57":{"start":{"line":259,"column":12},"end":{"line":269,"column":14},"skip":true},"58":{"start":{"line":271,"column":12},"end":{"line":285,"column":19},"skip":true},"59":{"start":{"line":274,"column":20},"end":{"line":274,"column":35},"skip":true},"60":{"start":{"line":275,"column":20},"end":{"line":284,"column":21},"skip":true},"61":{"start":{"line":277,"column":24},"end":{"line":277,"column":64},"skip":true},"62":{"start":{"line":279,"column":24},"end":{"line":279,"column":40},"skip":true},"63":{"start":{"line":281,"column":24},"end":{"line":281,"column":40},"skip":true},"64":{"start":{"line":283,"column":24},"end":{"line":283,"column":39},"skip":true},"65":{"start":{"line":288,"column":8},"end":{"line":290,"column":9},"skip":true},"66":{"start":{"line":289,"column":12},"end":{"line":289,"column":18},"skip":true},"67":{"start":{"line":291,"column":8},"end":{"line":293,"column":54},"skip":true},"68":{"start":{"line":296,"column":8},"end":{"line":301,"column":37},"skip":true},"69":{"start":{"line":303,"column":8},"end":{"line":303,"column":82},"skip":true},"70":{"start":{"line":306,"column":8},"end":{"line":308,"column":9},"skip":true},"71":{"start":{"line":307,"column":12},"end":{"line":307,"column":82},"skip":true},"72":{"start":{"line":310,"column":8},"end":{"line":312,"column":9},"skip":true},"73":{"start":{"line":311,"column":12},"end":{"line":311,"column":18},"skip":true},"74":{"start":{"line":313,"column":8},"end":{"line":313,"column":54},"skip":true},"75":{"start":{"line":314,"column":8},"end":{"line":314,"column":69},"skip":true},"76":{"start":{"line":315,"column":8},"end":{"line":323,"column":36},"skip":true},"77":{"start":{"line":316,"column":12},"end":{"line":316,"column":61},"skip":true},"78":{"start":{"line":317,"column":12},"end":{"line":320,"column":13},"skip":true},"79":{"start":{"line":318,"column":16},"end":{"line":318,"column":75},"skip":true},"80":{"start":{"line":319,"column":16},"end":{"line":319,"column":23},"skip":true},"81":{"start":{"line":321,"column":12},"end":{"line":321,"column":38},"skip":true},"82":{"start":{"line":322,"column":12},"end":{"line":322,"column":27},"skip":true},"83":{"start":{"line":324,"column":8},"end":{"line":324,"column":14},"skip":true}},"branchMap":{"1":{"line":39,"type":"binary-expr","locations":[{"start":{"line":39,"column":23},"end":{"line":39,"column":62}},{"start":{"line":40,"column":20},"end":{"line":40,"column":70}},{"start":{"line":41,"column":20},"end":{"line":41,"column":71}},{"start":{"line":42,"column":20},"end":{"line":42,"column":29}}]},"2":{"line":44,"type":"binary-expr","locations":[{"start":{"line":44,"column":23},"end":{"line":44,"column":37}},{"start":{"line":45,"column":20},"end":{"line":45,"column":61}},{"start":{"line":46,"column":20},"end":{"line":46,"column":70}},{"start":{"line":47,"column":20},"end":{"line":47,"column":26}}]},"3":{"line":51,"type":"cond-expr","locations":[{"start":{"line":52,"column":14},"end":{"line":52,"column":20}},{"start":{"line":53,"column":14},"end":{"line":53,"column":20}}]},"4":{"line":55,"type":"binary-expr","locations":[{"start":{"line":55,"column":16},"end":{"line":55,"column":44}},{"start":{"line":55,"column":49},"end":{"line":57,"column":43}}]},"5":{"line":55,"type":"cond-expr","locations":[{"start":{"line":56,"column":14},"end":{"line":56,"column":50}},{"start":{"line":57,"column":14},"end":{"line":57,"column":43}}]},"6":{"line":61,"type":"switch","locations":[{"start":{"line":68,"column":4},"end":{"line":150,"column":14},"skip":true},{"start":{"line":156,"column":4},"end":{"line":324,"column":14},"skip":true}]},"7":{"line":70,"type":"if","locations":[{"start":{"line":70,"column":12},"end":{"line":70,"column":12},"skip":true},{"start":{"line":70,"column":12},"end":{"line":70,"column":12},"skip":true}]},"8":{"line":70,"type":"binary-expr","locations":[{"start":{"line":70,"column":16},"end":{"line":70,"column":22},"skip":true},{"start":{"line":70,"column":27},"end":{"line":70,"column":32},"skip":true},{"start":{"line":71,"column":20},"end":{"line":71,"column":39},"skip":true},{"start":{"line":72,"column":20},"end":{"line":72,"column":49},"skip":true},{"start":{"line":73,"column":20},"end":{"line":73,"column":58},"skip":true},{"start":{"line":74,"column":20},"end":{"line":74,"column":69},"skip":true}]},"9":{"line":79,"type":"switch","locations":[{"start":{"line":80,"column":20},"end":{"line":80,"column":33},"skip":true},{"start":{"line":81,"column":20},"end":{"line":83,"column":30},"skip":true},{"start":{"line":84,"column":20},"end":{"line":85,"column":49},"skip":true}]},"10":{"line":89,"type":"switch","locations":[{"start":{"line":90,"column":12},"end":{"line":103,"column":22},"skip":true},{"start":{"line":105,"column":12},"end":{"line":106,"column":22},"skip":true}]},"11":{"line":89,"type":"binary-expr","locations":[{"start":{"line":89,"column":20},"end":{"line":89,"column":25},"skip":true},{"start":{"line":89,"column":29},"end":{"line":89,"column":48},"skip":true},{"start":{"line":89,"column":52},"end":{"line":89,"column":74},"skip":true}]},"12":{"line":92,"type":"if","locations":[{"start":{"line":92,"column":16},"end":{"line":92,"column":16},"skip":true},{"start":{"line":92,"column":16},"end":{"line":92,"column":16},"skip":true}]},"13":{"line":108,"type":"if","locations":[{"start":{"line":108,"column":12},"end":{"line":108,"column":12},"skip":true},{"start":{"line":108,"column":12},"end":{"line":108,"column":12},"skip":true}]},"14":{"line":108,"type":"binary-expr","locations":[{"start":{"line":108,"column":16},"end":{"line":108,"column":61},"skip":true},{"start":{"line":108,"column":66},"end":{"line":108,"column":72},"skip":true},{"start":{"line":108,"column":77},"end":{"line":108,"column":82},"skip":true},{"start":{"line":109,"column":20},"end":{"line":109,"column":39},"skip":true},{"start":{"line":110,"column":20},"end":{"line":110,"column":49},"skip":true},{"start":{"line":111,"column":20},"end":{"line":111,"column":58},"skip":true},{"start":{"line":112,"column":20},"end":{"line":112,"column":68},"skip":true}]},"15":{"line":129,"type":"if","locations":[{"start":{"line":129,"column":16},"end":{"line":129,"column":16},"skip":true},{"start":{"line":129,"column":16},"end":{"line":129,"column":16},"skip":true}]},"16":{"line":134,"type":"cond-expr","locations":[{"start":{"line":135,"column":26},"end":{"line":135,"column":29},"skip":true},{"start":{"line":136,"column":26},"end":{"line":136,"column":54},"skip":true}]},"17":{"line":164,"type":"binary-expr","locations":[{"start":{"line":164,"column":27},"end":{"line":164,"column":43},"skip":true},{"start":{"line":164,"column":47},"end":{"line":164,"column":49},"skip":true}]},"18":{"line":258,"type":"if","locations":[{"start":{"line":258,"column":8},"end":{"line":258,"column":8},"skip":true},{"start":{"line":258,"column":8},"end":{"line":258,"column":8},"skip":true}]},"19":{"line":275,"type":"switch","locations":[{"start":{"line":276,"column":20},"end":{"line":277,"column":64},"skip":true},{"start":{"line":278,"column":20},"end":{"line":279,"column":40},"skip":true},{"start":{"line":280,"column":20},"end":{"line":281,"column":40},"skip":true},{"start":{"line":282,"column":20},"end":{"line":283,"column":39},"skip":true}]},"20":{"line":288,"type":"if","locations":[{"start":{"line":288,"column":8},"end":{"line":288,"column":8},"skip":true},{"start":{"line":288,"column":8},"end":{"line":288,"column":8},"skip":true}]},"21":{"line":288,"type":"binary-expr","locations":[{"start":{"line":288,"column":12},"end":{"line":288,"column":40},"skip":true},{"start":{"line":288,"column":44},"end":{"line":288,"column":67},"skip":true}]},"22":{"line":292,"type":"binary-expr","locations":[{"start":{"line":292,"column":12},"end":{"line":292,"column":50},"skip":true},{"start":{"line":293,"column":12},"end":{"line":293,"column":53},"skip":true}]},"23":{"line":297,"type":"binary-expr","locations":[{"start":{"line":297,"column":12},"end":{"line":297,"column":64},"skip":true},{"start":{"line":298,"column":12},"end":{"line":301,"column":36},"skip":true}]},"24":{"line":303,"type":"binary-expr","locations":[{"start":{"line":303,"column":43},"end":{"line":303,"column":75},"skip":true},{"start":{"line":303,"column":79},"end":{"line":303,"column":81},"skip":true}]},"25":{"line":306,"type":"if","locations":[{"start":{"line":306,"column":8},"end":{"line":306,"column":8},"skip":true},{"start":{"line":306,"column":8},"end":{"line":306,"column":8},"skip":true}]},"26":{"line":310,"type":"if","locations":[{"start":{"line":310,"column":8},"end":{"line":310,"column":8},"skip":true},{"start":{"line":310,"column":8},"end":{"line":310,"column":8},"skip":true}]},"27":{"line":313,"type":"binary-expr","locations":[{"start":{"line":313,"column":27},"end":{"line":313,"column":43},"skip":true},{"start":{"line":313,"column":47},"end":{"line":313,"column":53},"skip":true}]},"28":{"line":317,"type":"if","locations":[{"start":{"line":317,"column":12},"end":{"line":317,"column":12},"skip":true},{"start":{"line":317,"column":12},"end":{"line":317,"column":12},"skip":true}]}},"code":["/*","example.js","","quickstart example","","instruction","    1. save this script as example.js","    2. run the shell command:","        $ npm install npmtest-naught && PORT=8081 node example.js","    3. play with the browser-demo on http://127.0.0.1:8081","*/","","","","/* istanbul instrument in package npmtest_naught */","/*jslint","    bitwise: true,","    browser: true,","    maxerr: 8,","    maxlen: 96,","    node: true,","    nomen: true,","    regexp: true,","    stupid: true","*/","(function () {","    'use strict';","    var local;","","","","    // run shared js-env code - init-before","    (function () {","        // init local","        local = {};","        // init modeJs","        local.modeJs = (function () {","            try {","                return typeof navigator.userAgent === 'string' &&","                    typeof document.querySelector('body') === 'object' &&","                    typeof XMLHttpRequest.prototype.open === 'function' &&","                    'browser';","            } catch (errorCaughtBrowser) {","                return module.exports &&","                    typeof process.versions.node === 'string' &&","                    typeof require('http').createServer === 'function' &&","                    'node';","            }","        }());","        // init global","        local.global = local.modeJs === 'browser'","            ? window","            : global;","        // init utility2_rollup","        local = local.global.utility2_rollup || (local.modeJs === 'browser'","            ? local.global.utility2_npmtest_naught","            : global.utility2_moduleExports);","        // export local","        local.global.local = local;","    }());","    switch (local.modeJs) {","","","","    // init-after","    // run browser js-env code - init-after","    /* istanbul ignore next */","    case 'browser':","        local.testRunBrowser = function (event) {","            if (!event || (event &&","                    event.currentTarget &&","                    event.currentTarget.className &&","                    event.currentTarget.className.includes &&","                    event.currentTarget.className.includes('onreset'))) {","                // reset output","                Array.from(","                    document.querySelectorAll('body > .resettable')","                ).forEach(function (element) {","                    switch (element.tagName) {","                    case 'INPUT':","                    case 'TEXTAREA':","                        element.value = '';","                        break;","                    default:","                        element.textContent = '';","                    }","                });","            }","            switch (event && event.currentTarget && event.currentTarget.id) {","            case 'testRunButton1':","                // show tests","                if (document.querySelector('#testReportDiv1').style.display === 'none') {","                    document.querySelector('#testReportDiv1').style.display = 'block';","                    document.querySelector('#testRunButton1').textContent =","                        'hide internal test';","                    local.modeTest = true;","                    local.testRunDefault(local);","                // hide tests","                } else {","                    document.querySelector('#testReportDiv1').style.display = 'none';","                    document.querySelector('#testRunButton1').textContent = 'run internal test';","                }","                break;","            // custom-case","            default:","                break;","            }","            if (document.querySelector('#inputTextareaEval1') && (!event || (event &&","                    event.currentTarget &&","                    event.currentTarget.className &&","                    event.currentTarget.className.includes &&","                    event.currentTarget.className.includes('oneval')))) {","                // try to eval input-code","                try {","                    /*jslint evil: true*/","                    eval(document.querySelector('#inputTextareaEval1').value);","                } catch (errorCaught) {","                    console.error(errorCaught);","                }","            }","        };","        // log stderr and stdout to #outputTextareaStdout1","        ['error', 'log'].forEach(function (key) {","            console[key + '_original'] = console[key];","            console[key] = function () {","                var element;","                console[key + '_original'].apply(console, arguments);","                element = document.querySelector('#outputTextareaStdout1');","                if (!element) {","                    return;","                }","                // append text to #outputTextareaStdout1","                element.value += Array.from(arguments).map(function (arg) {","                    return typeof arg === 'string'","                        ? arg","                        : JSON.stringify(arg, null, 4);","                }).join(' ') + '\\n';","                // scroll textarea to bottom","                element.scrollTop = element.scrollHeight;","            };","        });","        // init event-handling","        ['change', 'click', 'keyup'].forEach(function (event) {","            Array.from(document.querySelectorAll('.on' + event)).forEach(function (element) {","                element.addEventListener(event, local.testRunBrowser);","            });","        });","        // run tests","        local.testRunBrowser();","        break;","","","","    // run node js-env code - init-after","    /* istanbul ignore next */","    case 'node':","        // export local","        module.exports = local;","        // require modules","        local.fs = require('fs');","        local.http = require('http');","        local.url = require('url');","        // init assets","        local.assetsDict = local.assetsDict || {};","        /* jslint-ignore-begin */","        local.assetsDict['/assets.index.template.html'] = '\\","<!doctype html>\\n\\","<html lang=\"en\">\\n\\","<head>\\n\\","<meta charset=\"UTF-8\">\\n\\","<meta name=\"viewport\" content=\"width=device-width, initial-scale=1\">\\n\\","<title>{{env.npm_package_name}} (v{{env.npm_package_version}})</title>\\n\\","<style>\\n\\","/*csslint\\n\\","    box-sizing: false,\\n\\","    universal-selector: false\\n\\","*/\\n\\","* {\\n\\","    box-sizing: border-box;\\n\\","}\\n\\","body {\\n\\","    background: #dde;\\n\\","    font-family: Arial, Helvetica, sans-serif;\\n\\","    margin: 2rem;\\n\\","}\\n\\","body > * {\\n\\","    margin-bottom: 1rem;\\n\\","}\\n\\",".utility2FooterDiv {\\n\\","    margin-top: 20px;\\n\\","    text-align: center;\\n\\","}\\n\\","</style>\\n\\","<style>\\n\\","/*csslint\\n\\","*/\\n\\","textarea {\\n\\","    font-family: monospace;\\n\\","    height: 10rem;\\n\\","    width: 100%;\\n\\","}\\n\\","textarea[readonly] {\\n\\","    background: #ddd;\\n\\","}\\n\\","</style>\\n\\","</head>\\n\\","<body>\\n\\","<!-- utility2-comment\\n\\","<div id=\"ajaxProgressDiv1\" style=\"background: #d00; height: 2px; left: 0; margin: 0; padding: 0; position: fixed; top: 0; transition: background 0.5s, width 1.5s; width: 25%;\"></div>\\n\\","utility2-comment -->\\n\\","<h1>\\n\\","<!-- utility2-comment\\n\\","    <a\\n\\","        {{#if env.npm_package_homepage}}\\n\\","        href=\"{{env.npm_package_homepage}}\"\\n\\","        {{/if env.npm_package_homepage}}\\n\\","        target=\"_blank\"\\n\\","    >\\n\\","utility2-comment -->\\n\\","        {{env.npm_package_name}} (v{{env.npm_package_version}})\\n\\","<!-- utility2-comment\\n\\","    </a>\\n\\","utility2-comment -->\\n\\","</h1>\\n\\","<h3>{{env.npm_package_description}}</h3>\\n\\","<!-- utility2-comment\\n\\","<h4><a download href=\"assets.app.js\">download standalone app</a></h4>\\n\\","<button class=\"onclick onreset\" id=\"testRunButton1\">run internal test</button><br>\\n\\","<div id=\"testReportDiv1\" style=\"display: none;\"></div>\\n\\","utility2-comment -->\\n\\","\\n\\","\\n\\","\\n\\","<label>stderr and stdout</label>\\n\\","<textarea class=\"resettable\" id=\"outputTextareaStdout1\" readonly></textarea>\\n\\","<!-- utility2-comment\\n\\","{{#if isRollup}}\\n\\","<script src=\"assets.app.js\"></script>\\n\\","{{#unless isRollup}}\\n\\","utility2-comment -->\\n\\","<script src=\"assets.utility2.rollup.js\"></script>\\n\\","<script src=\"jsonp.utility2._stateInit?callback=window.utility2._stateInit\"></script>\\n\\","<script src=\"assets.npmtest_naught.rollup.js\"></script>\\n\\","<script src=\"assets.example.js\"></script>\\n\\","<script src=\"assets.test.js\"></script>\\n\\","<!-- utility2-comment\\n\\","{{/if isRollup}}\\n\\","utility2-comment -->\\n\\","<div class=\"utility2FooterDiv\">\\n\\","    [ this app was created with\\n\\","    <a href=\"https://github.com/kaizhu256/node-utility2\" target=\"_blank\">utility2</a>\\n\\","    ]\\n\\","</div>\\n\\","</body>\\n\\","</html>\\n\\","';","        /* jslint-ignore-end */","        if (local.templateRender) {","            local.assetsDict['/'] = local.templateRender(","                local.assetsDict['/assets.index.template.html'],","                {","                    env: local.objectSetDefault(local.env, {","                        npm_package_description: 'the greatest app in the world!',","                        npm_package_name: 'my-app',","                        npm_package_nameAlias: 'my_app',","                        npm_package_version: '0.0.1'","                    })","                }","            );","        } else {","            local.assetsDict['/'] = local.assetsDict['/assets.index.template.html']","                .replace((/\\{\\{env\\.(\\w+?)\\}\\}/g), function (match0, match1) {","                    // jslint-hack","                    String(match0);","                    switch (match1) {","                    case 'npm_package_description':","                        return 'the greatest app in the world!';","                    case 'npm_package_name':","                        return 'my-app';","                    case 'npm_package_nameAlias':","                        return 'my_app';","                    case 'npm_package_version':","                        return '0.0.1';","                    }","                });","        }","        // run the cli","        if (local.global.utility2_rollup || module !== require.main) {","            break;","        }","        local.assetsDict['/assets.example.js'] =","            local.assetsDict['/assets.example.js'] ||","            local.fs.readFileSync(__filename, 'utf8');","        // bug-workaround - long $npm_package_buildCustomOrg","        /* jslint-ignore-begin */","        local.assetsDict['/assets.npmtest_naught.rollup.js'] =","            local.assetsDict['/assets.npmtest_naught.rollup.js'] ||","            local.fs.readFileSync(","                local.npmtest_naught.__dirname + '/lib.npmtest_naught.js',","                'utf8'","            ).replace((/^#!/), '//');","        /* jslint-ignore-end */","        local.assetsDict['/favicon.ico'] = local.assetsDict['/favicon.ico'] || '';","        // if $npm_config_timeout_exit exists,","        // then exit this process after $npm_config_timeout_exit ms","        if (Number(process.env.npm_config_timeout_exit)) {","            setTimeout(process.exit, Number(process.env.npm_config_timeout_exit));","        }","        // start server","        if (local.global.utility2_serverHttp1) {","            break;","        }","        process.env.PORT = process.env.PORT || '8081';","        console.error('server starting on port ' + process.env.PORT);","        local.http.createServer(function (request, response) {","            request.urlParsed = local.url.parse(request.url);","            if (local.assetsDict[request.urlParsed.pathname] !== undefined) {","                response.end(local.assetsDict[request.urlParsed.pathname]);","                return;","            }","            response.statusCode = 404;","            response.end();","        }).listen(process.env.PORT);","        break;","    }","}());",""],"l":{"26":2,"28":2,"33":2,"35":2,"37":2,"38":2,"39":2,"44":1,"51":2,"55":2,"59":2,"61":2,"69":1,"70":2,"76":2,"79":2,"82":2,"83":2,"85":1,"89":2,"92":1,"93":1,"94":1,"96":1,"97":1,"100":1,"101":1,"103":1,"106":1,"108":2,"114":1,"116":1,"118":1,"123":1,"124":2,"125":2,"126":3,"127":3,"128":3,"129":3,"130":1,"133":3,"134":3,"139":3,"143":1,"144":3,"145":1,"149":1,"150":1,"158":1,"160":1,"161":1,"162":1,"164":1,"166":1,"258":1,"259":1,"271":1,"274":6,"275":6,"277":1,"279":2,"281":1,"283":2,"288":1,"289":1,"291":1,"296":1,"303":1,"306":1,"307":1,"310":1,"311":1,"313":1,"314":1,"315":1,"316":1,"317":1,"318":1,"319":1,"321":1,"322":1,"324":1}},"/home/travis/build/npmtest/node-npmtest-naught/node_modules/naught/lib/main.js":{"path":"/home/travis/build/npmtest/node-npmtest-naught/node_modules/naught/lib/main.js","s":{"1":1,"2":1,"3":1,"4":1,"5":1,"6":1,"7":1,"8":1,"9":1,"10":1,"11":1,"12":1,"13":1,"14":0,"15":0,"16":0,"17":0,"18":0,"19":0,"20":0,"21":0,"22":0,"23":0,"24":0,"25":0,"26":0,"27":0,"28":0,"29":0,"30":0,"31":0,"32":0,"33":0,"34":0,"35":0,"36":0,"37":0,"38":0,"39":0,"40":0,"41":0,"42":0,"43":0,"44":0,"45":0,"46":0,"47":0,"48":0,"49":0,"50":0,"51":0,"52":0,"53":0,"54":0,"55":0,"56":0,"57":0,"58":0,"59":0,"60":0,"61":0,"62":0,"63":0,"64":0,"65":0,"66":0,"67":0,"68":0,"69":0,"70":1,"71":1,"72":0,"73":0,"74":1,"75":1,"76":1,"77":0,"78":0,"79":0,"80":0,"81":0,"82":0,"83":0,"84":0,"85":0,"86":0,"87":0,"88":1,"89":0,"90":0,"91":0,"92":1,"93":0,"94":0,"95":1,"96":0,"97":0,"98":1,"99":0,"100":0,"101":0,"102":0,"103":0,"104":0,"105":0,"106":0,"107":0,"108":0,"109":0,"110":1,"111":1,"112":7,"113":7,"114":1,"115":0,"116":0,"117":0,"118":0,"119":0,"120":0,"121":0,"122":0,"123":1,"124":0,"125":0,"126":0,"127":0,"128":0,"129":0,"130":0,"131":0,"132":0,"133":0,"134":1,"135":0,"136":0,"137":0,"138":0,"139":1,"140":0,"141":1,"142":0,"143":0,"144":0,"145":0,"146":0,"147":0,"148":0,"149":0,"150":0,"151":0,"152":0,"153":0,"154":0,"155":0,"156":0,"157":0,"158":0,"159":0,"160":0,"161":0,"162":1,"163":0,"164":0,"165":0,"166":1,"167":0,"168":0,"169":0,"170":0,"171":0,"172":0,"173":0,"174":0,"175":1,"176":0,"177":0,"178":0,"179":1,"180":0,"181":1,"182":0,"183":0,"184":0,"185":0,"186":0,"187":0,"188":0,"189":1,"190":0,"191":0,"192":0,"193":0,"194":0,"195":0,"196":0,"197":0,"198":0,"199":0,"200":0,"201":0,"202":0,"203":0,"204":0,"205":0,"206":1,"207":0,"208":1,"209":0,"210":0,"211":1,"212":0,"213":0,"214":0,"215":0,"216":0,"217":0,"218":0,"219":0,"220":0,"221":0,"222":1,"223":0,"224":0,"225":0,"226":0,"227":0,"228":0,"229":1,"230":0,"231":0,"232":0},"b":{"1":[0,0],"2":[0,0],"3":[0,0],"4":[0,0],"5":[0,0],"6":[0,0],"7":[0,0],"8":[0,0],"9":[0,0],"10":[0,0],"11":[0,0],"12":[0,0],"13":[0,0],"14":[0,0],"15":[0,0],"16":[0,0],"17":[0,0],"18":[0,0],"19":[0,0],"20":[0,0],"21":[0,0],"22":[0,1],"23":[0,0],"24":[0,0],"25":[0,0],"26":[0,0],"27":[0,0],"28":[0,0],"29":[0,0],"30":[0,0],"31":[0,0],"32":[0,0],"33":[0,0],"34":[0,0],"35":[0,0],"36":[0,0],"37":[0,0],"38":[0,0],"39":[0,0],"40":[0,0],"41":[0,0],"42":[0,0],"43":[0,0],"44":[0,0],"45":[0,0],"46":[0,0],"47":[0,0],"48":[0,0,0,0,0],"49":[0,0,0],"50":[0,0],"51":[0,0]},"f":{"1":0,"2":0,"3":0,"4":0,"5":0,"6":0,"7":0,"8":0,"9":0,"10":0,"11":0,"12":0,"13":0,"14":1,"15":0,"16":0,"17":0,"18":0,"19":0,"20":0,"21":0,"22":0,"23":0,"24":0,"25":0,"26":0,"27":0,"28":0,"29":0,"30":0,"31":0,"32":0,"33":0,"34":0,"35":0,"36":0,"37":0,"38":0,"39":0,"40":0,"41":0,"42":0,"43":0},"fnMap":{"1":{"name":"(anonymous_1)","line":57,"loc":{"start":{"line":57,"column":8},"end":{"line":57,"column":22}}},"2":{"name":"(anonymous_2)","line":104,"loc":{"start":{"line":104,"column":8},"end":{"line":104,"column":22}}},"3":{"name":"(anonymous_3)","line":128,"loc":{"start":{"line":128,"column":8},"end":{"line":128,"column":22}}},"4":{"name":"(anonymous_4)","line":185,"loc":{"start":{"line":185,"column":8},"end":{"line":185,"column":22}}},"5":{"name":"(anonymous_5)","line":222,"loc":{"start":{"line":222,"column":8},"end":{"line":222,"column":22}}},"6":{"name":"(anonymous_6)","line":233,"loc":{"start":{"line":233,"column":8},"end":{"line":233,"column":23}}},"7":{"name":"(anonymous_7)","line":245,"loc":{"start":{"line":245,"column":8},"end":{"line":245,"column":22}}},"8":{"name":"chompArgv","line":267,"loc":{"start":{"line":267,"column":0},"end":{"line":267,"column":29}}},"9":{"name":"connectToDaemon","line":286,"loc":{"start":{"line":286,"column":0},"end":{"line":286,"column":42}}},"10":{"name":"assertErrorIsFromInvalidSocket","line":292,"loc":{"start":{"line":292,"column":0},"end":{"line":292,"column":46}}},"11":{"name":"exitWithConnRefusedMsg","line":298,"loc":{"start":{"line":298,"column":0},"end":{"line":298,"column":44}}},"12":{"name":"getDaemonMessages","line":306,"loc":{"start":{"line":306,"column":0},"end":{"line":306,"column":44}}},"13":{"name":"(anonymous_13)","line":308,"loc":{"start":{"line":308,"column":21},"end":{"line":308,"column":36}}},"14":{"name":"printUsage","line":328,"loc":{"start":{"line":328,"column":0},"end":{"line":328,"column":21}}},"15":{"name":"startScript","line":335,"loc":{"start":{"line":335,"column":0},"end":{"line":335,"column":43}}},"16":{"name":"(anonymous_16)","line":338,"loc":{"start":{"line":338,"column":11},"end":{"line":338,"column":21}}},"17":{"name":"(anonymous_17)","line":343,"loc":{"start":{"line":343,"column":11},"end":{"line":343,"column":24}}},"18":{"name":"onSocketError","line":354,"loc":{"start":{"line":354,"column":2},"end":{"line":354,"column":32}}},"19":{"name":"startDaemon","line":374,"loc":{"start":{"line":374,"column":2},"end":{"line":374,"column":24}}},"20":{"name":"startBlockingMaster","line":393,"loc":{"start":{"line":393,"column":2},"end":{"line":393,"column":37}}},"21":{"name":"startDaemonChild","line":397,"loc":{"start":{"line":397,"column":2},"end":{"line":397,"column":34}}},"22":{"name":"(anonymous_22)","line":406,"loc":{"start":{"line":406,"column":24},"end":{"line":406,"column":37}}},"23":{"name":"(anonymous_23)","line":415,"loc":{"start":{"line":415,"column":17},"end":{"line":415,"column":30}}},"24":{"name":"resolveLogPath","line":435,"loc":{"start":{"line":435,"column":0},"end":{"line":435,"column":33}}},"25":{"name":"stopScript","line":443,"loc":{"start":{"line":443,"column":0},"end":{"line":443,"column":37}}},"26":{"name":"(anonymous_26)","line":445,"loc":{"start":{"line":445,"column":11},"end":{"line":445,"column":21}}},"27":{"name":"(anonymous_27)","line":451,"loc":{"start":{"line":451,"column":11},"end":{"line":451,"column":24}}},"28":{"name":"(anonymous_28)","line":461,"loc":{"start":{"line":461,"column":22},"end":{"line":461,"column":33}}},"29":{"name":"workerCountsFromMsg","line":468,"loc":{"start":{"line":468,"column":0},"end":{"line":468,"column":33}}},"30":{"name":"printDaemonMsg","line":476,"loc":{"start":{"line":476,"column":0},"end":{"line":476,"column":28}}},"31":{"name":"statusMsg","line":480,"loc":{"start":{"line":480,"column":0},"end":{"line":480,"column":23}}},"32":{"name":"deploy","line":492,"loc":{"start":{"line":492,"column":0},"end":{"line":492,"column":33}}},"33":{"name":"(anonymous_33)","line":494,"loc":{"start":{"line":494,"column":11},"end":{"line":494,"column":21}}},"34":{"name":"(anonymous_34)","line":504,"loc":{"start":{"line":504,"column":11},"end":{"line":504,"column":24}}},"35":{"name":"setAbortKeyboardHook","line":526,"loc":{"start":{"line":526,"column":2},"end":{"line":526,"column":33}}},"36":{"name":"handleSigInt","line":529,"loc":{"start":{"line":529,"column":2},"end":{"line":529,"column":25}}},"37":{"name":"deployAbort","line":537,"loc":{"start":{"line":537,"column":0},"end":{"line":537,"column":29}}},"38":{"name":"(anonymous_38)","line":539,"loc":{"start":{"line":539,"column":11},"end":{"line":539,"column":21}}},"39":{"name":"(anonymous_39)","line":544,"loc":{"start":{"line":544,"column":11},"end":{"line":544,"column":24}}},"40":{"name":"displayStatus","line":561,"loc":{"start":{"line":561,"column":0},"end":{"line":561,"column":31}}},"41":{"name":"(anonymous_41)","line":563,"loc":{"start":{"line":563,"column":11},"end":{"line":563,"column":21}}},"42":{"name":"(anonymous_42)","line":568,"loc":{"start":{"line":568,"column":11},"end":{"line":568,"column":24}}},"43":{"name":"extendedWorkerCount","line":579,"loc":{"start":{"line":579,"column":0},"end":{"line":579,"column":41}}}},"statementMap":{"1":{"start":{"line":3,"column":0},"end":{"line":3,"column":23}},"2":{"start":{"line":4,"column":0},"end":{"line":4,"column":23}},"3":{"start":{"line":5,"column":0},"end":{"line":5,"column":25}},"4":{"start":{"line":6,"column":0},"end":{"line":6,"column":31}},"5":{"start":{"line":7,"column":0},"end":{"line":7,"column":43}},"6":{"start":{"line":8,"column":0},"end":{"line":8,"column":43}},"7":{"start":{"line":9,"column":0},"end":{"line":9,"column":27}},"8":{"start":{"line":10,"column":0},"end":{"line":10,"column":36}},"9":{"start":{"line":11,"column":0},"end":{"line":11,"column":36}},"10":{"start":{"line":12,"column":0},"end":{"line":12,"column":24}},"11":{"start":{"line":13,"column":0},"end":{"line":13,"column":33}},"12":{"start":{"line":14,"column":0},"end":{"line":14,"column":45}},"13":{"start":{"line":16,"column":0},"end":{"line":255,"column":2}},"14":{"start":{"line":58,"column":6},"end":{"line":70,"column":8}},"15":{"start":{"line":71,"column":6},"end":{"line":73,"column":26}},"16":{"start":{"line":74,"column":6},"end":{"line":85,"column":7}},"17":{"start":{"line":75,"column":8},"end":{"line":75,"column":67}},"18":{"start":{"line":76,"column":8},"end":{"line":76,"column":73}},"19":{"start":{"line":77,"column":8},"end":{"line":77,"column":79}},"20":{"start":{"line":78,"column":8},"end":{"line":78,"column":57}},"21":{"start":{"line":78,"column":44},"end":{"line":78,"column":57}},"22":{"start":{"line":79,"column":8},"end":{"line":79,"column":72}},"23":{"start":{"line":80,"column":8},"end":{"line":80,"column":57}},"24":{"start":{"line":80,"column":44},"end":{"line":80,"column":57}},"25":{"start":{"line":81,"column":8},"end":{"line":81,"column":43}},"26":{"start":{"line":82,"column":8},"end":{"line":82,"column":20}},"27":{"start":{"line":84,"column":8},"end":{"line":84,"column":21}},"28":{"start":{"line":105,"column":6},"end":{"line":108,"column":8}},"29":{"start":{"line":109,"column":6},"end":{"line":111,"column":47}},"30":{"start":{"line":112,"column":6},"end":{"line":121,"column":7}},"31":{"start":{"line":113,"column":8},"end":{"line":113,"column":54}},"32":{"start":{"line":114,"column":8},"end":{"line":116,"column":9}},"33":{"start":{"line":115,"column":10},"end":{"line":115,"column":33}},"34":{"start":{"line":117,"column":8},"end":{"line":117,"column":37}},"35":{"start":{"line":118,"column":8},"end":{"line":118,"column":20}},"36":{"start":{"line":120,"column":8},"end":{"line":120,"column":21}},"37":{"start":{"line":129,"column":6},"end":{"line":131,"column":7}},"38":{"start":{"line":130,"column":8},"end":{"line":130,"column":21}},"39":{"start":{"line":132,"column":6},"end":{"line":132,"column":48}},"40":{"start":{"line":133,"column":6},"end":{"line":133,"column":29}},"41":{"start":{"line":134,"column":6},"end":{"line":134,"column":18}},"42":{"start":{"line":186,"column":6},"end":{"line":191,"column":8}},"43":{"start":{"line":192,"column":6},"end":{"line":194,"column":47}},"44":{"start":{"line":195,"column":6},"end":{"line":207,"column":7}},"45":{"start":{"line":196,"column":8},"end":{"line":196,"column":69}},"46":{"start":{"line":197,"column":8},"end":{"line":197,"column":54}},"47":{"start":{"line":198,"column":8},"end":{"line":198,"column":59}},"48":{"start":{"line":198,"column":36},"end":{"line":198,"column":59}},"49":{"start":{"line":200,"column":8},"end":{"line":200,"column":72}},"50":{"start":{"line":201,"column":8},"end":{"line":201,"column":57}},"51":{"start":{"line":201,"column":44},"end":{"line":201,"column":57}},"52":{"start":{"line":203,"column":8},"end":{"line":203,"column":33}},"53":{"start":{"line":204,"column":8},"end":{"line":204,"column":20}},"54":{"start":{"line":206,"column":8},"end":{"line":206,"column":21}},"55":{"start":{"line":223,"column":6},"end":{"line":223,"column":40}},"56":{"start":{"line":223,"column":27},"end":{"line":223,"column":40}},"57":{"start":{"line":224,"column":6},"end":{"line":224,"column":48}},"58":{"start":{"line":225,"column":6},"end":{"line":225,"column":27}},"59":{"start":{"line":226,"column":6},"end":{"line":226,"column":18}},"60":{"start":{"line":234,"column":6},"end":{"line":238,"column":7}},"61":{"start":{"line":235,"column":8},"end":{"line":235,"column":42}},"62":{"start":{"line":235,"column":29},"end":{"line":235,"column":42}},"63":{"start":{"line":236,"column":8},"end":{"line":236,"column":41}},"64":{"start":{"line":237,"column":8},"end":{"line":237,"column":20}},"65":{"start":{"line":246,"column":6},"end":{"line":246,"column":14}},"66":{"start":{"line":247,"column":6},"end":{"line":251,"column":7}},"67":{"start":{"line":248,"column":8},"end":{"line":248,"column":30}},"68":{"start":{"line":250,"column":8},"end":{"line":250,"column":21}},"69":{"start":{"line":252,"column":6},"end":{"line":252,"column":18}},"70":{"start":{"line":257,"column":0},"end":{"line":257,"column":31}},"71":{"start":{"line":258,"column":0},"end":{"line":265,"column":1}},"72":{"start":{"line":259,"column":2},"end":{"line":261,"column":3}},"73":{"start":{"line":260,"column":4},"end":{"line":260,"column":28}},"74":{"start":{"line":263,"column":2},"end":{"line":263,"column":15}},"75":{"start":{"line":264,"column":2},"end":{"line":264,"column":18}},"76":{"start":{"line":267,"column":0},"end":{"line":284,"column":1}},"77":{"start":{"line":268,"column":2},"end":{"line":282,"column":3}},"78":{"start":{"line":269,"column":4},"end":{"line":269,"column":27}},"79":{"start":{"line":270,"column":4},"end":{"line":281,"column":5}},"80":{"start":{"line":271,"column":6},"end":{"line":271,"column":37}},"81":{"start":{"line":272,"column":6},"end":{"line":274,"column":7}},"82":{"start":{"line":273,"column":8},"end":{"line":273,"column":52}},"83":{"start":{"line":275,"column":6},"end":{"line":277,"column":7}},"84":{"start":{"line":276,"column":8},"end":{"line":276,"column":52}},"85":{"start":{"line":278,"column":6},"end":{"line":278,"column":34}},"86":{"start":{"line":280,"column":6},"end":{"line":280,"column":25}},"87":{"start":{"line":283,"column":2},"end":{"line":283,"column":22}},"88":{"start":{"line":286,"column":0},"end":{"line":290,"column":1}},"89":{"start":{"line":287,"column":2},"end":{"line":287,"column":51}},"90":{"start":{"line":288,"column":2},"end":{"line":288,"column":40}},"91":{"start":{"line":289,"column":2},"end":{"line":289,"column":16}},"92":{"start":{"line":292,"column":0},"end":{"line":296,"column":1}},"93":{"start":{"line":293,"column":2},"end":{"line":295,"column":3}},"94":{"start":{"line":294,"column":4},"end":{"line":294,"column":16}},"95":{"start":{"line":298,"column":0},"end":{"line":304,"column":1}},"96":{"start":{"line":299,"column":2},"end":{"line":302,"column":51}},"97":{"start":{"line":303,"column":2},"end":{"line":303,"column":18}},"98":{"start":{"line":306,"column":0},"end":{"line":326,"column":1}},"99":{"start":{"line":307,"column":2},"end":{"line":307,"column":49}},"100":{"start":{"line":308,"column":2},"end":{"line":324,"column":5}},"101":{"start":{"line":309,"column":4},"end":{"line":323,"column":5}},"102":{"start":{"line":310,"column":6},"end":{"line":310,"column":62}},"103":{"start":{"line":311,"column":6},"end":{"line":318,"column":7}},"104":{"start":{"line":314,"column":8},"end":{"line":314,"column":31}},"105":{"start":{"line":317,"column":8},"end":{"line":317,"column":24}},"106":{"start":{"line":319,"column":11},"end":{"line":323,"column":5}},"107":{"start":{"line":320,"column":6},"end":{"line":320,"column":42}},"108":{"start":{"line":322,"column":6},"end":{"line":322,"column":18}},"109":{"start":{"line":325,"column":2},"end":{"line":325,"column":16}},"110":{"start":{"line":328,"column":0},"end":{"line":333,"column":1}},"111":{"start":{"line":329,"column":2},"end":{"line":332,"column":3}},"112":{"start":{"line":330,"column":4},"end":{"line":330,"column":25}},"113":{"start":{"line":331,"column":4},"end":{"line":331,"column":42}},"114":{"start":{"line":335,"column":0},"end":{"line":433,"column":1}},"115":{"start":{"line":336,"column":2},"end":{"line":336,"column":36}},"116":{"start":{"line":337,"column":2},"end":{"line":351,"column":5}},"117":{"start":{"line":339,"column":6},"end":{"line":341,"column":9}},"118":{"start":{"line":344,"column":6},"end":{"line":349,"column":7}},"119":{"start":{"line":345,"column":8},"end":{"line":345,"column":56}},"120":{"start":{"line":346,"column":8},"end":{"line":346,"column":24}},"121":{"start":{"line":348,"column":8},"end":{"line":348,"column":28}},"122":{"start":{"line":352,"column":2},"end":{"line":352,"column":36}},"123":{"start":{"line":354,"column":2},"end":{"line":372,"column":3}},"124":{"start":{"line":355,"column":4},"end":{"line":355,"column":17}},"125":{"start":{"line":356,"column":4},"end":{"line":371,"column":5}},"126":{"start":{"line":357,"column":6},"end":{"line":365,"column":7}},"127":{"start":{"line":358,"column":8},"end":{"line":360,"column":66}},"128":{"start":{"line":361,"column":8},"end":{"line":361,"column":31}},"129":{"start":{"line":362,"column":8},"end":{"line":362,"column":22}},"130":{"start":{"line":364,"column":8},"end":{"line":364,"column":40}},"131":{"start":{"line":366,"column":11},"end":{"line":371,"column":5}},"132":{"start":{"line":368,"column":6},"end":{"line":368,"column":20}},"133":{"start":{"line":370,"column":6},"end":{"line":370,"column":18}},"134":{"start":{"line":374,"column":2},"end":{"line":391,"column":3}},"135":{"start":{"line":375,"column":4},"end":{"line":385,"column":19}},"136":{"start":{"line":386,"column":4},"end":{"line":390,"column":5}},"137":{"start":{"line":387,"column":6},"end":{"line":387,"column":29}},"138":{"start":{"line":389,"column":6},"end":{"line":389,"column":32}},"139":{"start":{"line":393,"column":2},"end":{"line":395,"column":3}},"140":{"start":{"line":394,"column":4},"end":{"line":394,"column":23}},"141":{"start":{"line":397,"column":2},"end":{"line":432,"column":3}},"142":{"start":{"line":398,"column":4},"end":{"line":398,"column":64}},"143":{"start":{"line":399,"column":4},"end":{"line":404,"column":7}},"144":{"start":{"line":405,"column":4},"end":{"line":405,"column":18}},"145":{"start":{"line":406,"column":4},"end":{"line":431,"column":7}},"146":{"start":{"line":407,"column":6},"end":{"line":430,"column":7}},"147":{"start":{"line":408,"column":8},"end":{"line":409,"column":57}},"148":{"start":{"line":410,"column":8},"end":{"line":410,"column":24}},"149":{"start":{"line":411,"column":13},"end":{"line":430,"column":7}},"150":{"start":{"line":412,"column":8},"end":{"line":412,"column":27}},"151":{"start":{"line":413,"column":8},"end":{"line":413,"column":33}},"152":{"start":{"line":414,"column":8},"end":{"line":427,"column":11}},"153":{"start":{"line":416,"column":12},"end":{"line":425,"column":13}},"154":{"start":{"line":417,"column":14},"end":{"line":417,"column":51}},"155":{"start":{"line":418,"column":14},"end":{"line":418,"column":27}},"156":{"start":{"line":419,"column":19},"end":{"line":425,"column":13}},"157":{"start":{"line":420,"column":14},"end":{"line":420,"column":85}},"158":{"start":{"line":421,"column":14},"end":{"line":421,"column":27}},"159":{"start":{"line":422,"column":14},"end":{"line":422,"column":30}},"160":{"start":{"line":424,"column":14},"end":{"line":424,"column":34}},"161":{"start":{"line":429,"column":8},"end":{"line":429,"column":58}},"162":{"start":{"line":435,"column":0},"end":{"line":441,"column":1}},"163":{"start":{"line":436,"column":2},"end":{"line":440,"column":3}},"164":{"start":{"line":437,"column":4},"end":{"line":437,"column":15}},"165":{"start":{"line":439,"column":4},"end":{"line":439,"column":38}},"166":{"start":{"line":443,"column":0},"end":{"line":466,"column":1}},"167":{"start":{"line":444,"column":2},"end":{"line":465,"column":5}},"168":{"start":{"line":446,"column":6},"end":{"line":449,"column":9}},"169":{"start":{"line":452,"column":6},"end":{"line":459,"column":7}},"170":{"start":{"line":453,"column":8},"end":{"line":453,"column":21}},"171":{"start":{"line":454,"column":13},"end":{"line":459,"column":7}},"172":{"start":{"line":455,"column":8},"end":{"line":455,"column":67}},"173":{"start":{"line":456,"column":8},"end":{"line":456,"column":92}},"174":{"start":{"line":458,"column":8},"end":{"line":458,"column":28}},"175":{"start":{"line":468,"column":0},"end":{"line":474,"column":1}},"176":{"start":{"line":469,"column":2},"end":{"line":469,"column":35}},"177":{"start":{"line":469,"column":18},"end":{"line":469,"column":35}},"178":{"start":{"line":470,"column":2},"end":{"line":473,"column":44}},"179":{"start":{"line":476,"column":0},"end":{"line":478,"column":1}},"180":{"start":{"line":477,"column":2},"end":{"line":477,"column":61}},"181":{"start":{"line":480,"column":0},"end":{"line":490,"column":1}},"182":{"start":{"line":481,"column":2},"end":{"line":489,"column":3}},"183":{"start":{"line":482,"column":4},"end":{"line":482,"column":57}},"184":{"start":{"line":483,"column":9},"end":{"line":489,"column":3}},"185":{"start":{"line":484,"column":4},"end":{"line":484,"column":63}},"186":{"start":{"line":485,"column":9},"end":{"line":489,"column":3}},"187":{"start":{"line":486,"column":4},"end":{"line":486,"column":68}},"188":{"start":{"line":488,"column":4},"end":{"line":488,"column":56}},"189":{"start":{"line":492,"column":0},"end":{"line":535,"column":1}},"190":{"start":{"line":493,"column":2},"end":{"line":525,"column":5}},"191":{"start":{"line":495,"column":6},"end":{"line":495,"column":29}},"192":{"start":{"line":496,"column":6},"end":{"line":502,"column":9}},"193":{"start":{"line":505,"column":6},"end":{"line":523,"column":7}},"194":{"start":{"line":507,"column":8},"end":{"line":507,"column":76}},"195":{"start":{"line":508,"column":8},"end":{"line":508,"column":14}},"196":{"start":{"line":510,"column":8},"end":{"line":510,"column":111}},"197":{"start":{"line":511,"column":8},"end":{"line":511,"column":24}},"198":{"start":{"line":512,"column":8},"end":{"line":512,"column":14}},"199":{"start":{"line":514,"column":8},"end":{"line":514,"column":100}},"200":{"start":{"line":515,"column":8},"end":{"line":515,"column":24}},"201":{"start":{"line":516,"column":8},"end":{"line":516,"column":14}},"202":{"start":{"line":518,"column":8},"end":{"line":518,"column":30}},"203":{"start":{"line":519,"column":8},"end":{"line":519,"column":24}},"204":{"start":{"line":520,"column":8},"end":{"line":520,"column":14}},"205":{"start":{"line":522,"column":8},"end":{"line":522,"column":28}},"206":{"start":{"line":526,"column":2},"end":{"line":528,"column":3}},"207":{"start":{"line":527,"column":4},"end":{"line":527,"column":41}},"208":{"start":{"line":529,"column":2},"end":{"line":534,"column":3}},"209":{"start":{"line":530,"column":4},"end":{"line":530,"column":37}},"210":{"start":{"line":531,"column":4},"end":{"line":533,"column":7}},"211":{"start":{"line":537,"column":0},"end":{"line":559,"column":1}},"212":{"start":{"line":538,"column":2},"end":{"line":558,"column":5}},"213":{"start":{"line":540,"column":6},"end":{"line":542,"column":9}},"214":{"start":{"line":545,"column":6},"end":{"line":556,"column":7}},"215":{"start":{"line":547,"column":8},"end":{"line":547,"column":47}},"216":{"start":{"line":548,"column":8},"end":{"line":548,"column":24}},"217":{"start":{"line":549,"column":8},"end":{"line":549,"column":14}},"218":{"start":{"line":551,"column":8},"end":{"line":551,"column":40}},"219":{"start":{"line":552,"column":8},"end":{"line":552,"column":24}},"220":{"start":{"line":553,"column":8},"end":{"line":553,"column":14}},"221":{"start":{"line":555,"column":8},"end":{"line":555,"column":28}},"222":{"start":{"line":561,"column":0},"end":{"line":577,"column":1}},"223":{"start":{"line":562,"column":2},"end":{"line":576,"column":5}},"224":{"start":{"line":564,"column":6},"end":{"line":566,"column":9}},"225":{"start":{"line":569,"column":6},"end":{"line":574,"column":7}},"226":{"start":{"line":570,"column":8},"end":{"line":570,"column":45}},"227":{"start":{"line":571,"column":8},"end":{"line":571,"column":21}},"228":{"start":{"line":573,"column":8},"end":{"line":573,"column":28}},"229":{"start":{"line":579,"column":0},"end":{"line":585,"column":1}},"230":{"start":{"line":580,"column":2},"end":{"line":584,"column":3}},"231":{"start":{"line":581,"column":4},"end":{"line":581,"column":28}},"232":{"start":{"line":583,"column":4},"end":{"line":583,"column":37}}},"branchMap":{"1":{"line":74,"type":"if","locations":[{"start":{"line":74,"column":6},"end":{"line":74,"column":6}},{"start":{"line":74,"column":6},"end":{"line":74,"column":6}}]},"2":{"line":74,"type":"binary-expr","locations":[{"start":{"line":74,"column":10},"end":{"line":74,"column":14}},{"start":{"line":74,"column":18},"end":{"line":74,"column":32}}]},"3":{"line":78,"type":"if","locations":[{"start":{"line":78,"column":8},"end":{"line":78,"column":8}},{"start":{"line":78,"column":8},"end":{"line":78,"column":8}}]},"4":{"line":80,"type":"if","locations":[{"start":{"line":80,"column":8},"end":{"line":80,"column":8}},{"start":{"line":80,"column":8},"end":{"line":80,"column":8}}]},"5":{"line":111,"type":"binary-expr","locations":[{"start":{"line":111,"column":20},"end":{"line":111,"column":26}},{"start":{"line":111,"column":30},"end":{"line":111,"column":46}}]},"6":{"line":112,"type":"if","locations":[{"start":{"line":112,"column":6},"end":{"line":112,"column":6}},{"start":{"line":112,"column":6},"end":{"line":112,"column":6}}]},"7":{"line":112,"type":"binary-expr","locations":[{"start":{"line":112,"column":10},"end":{"line":112,"column":14}},{"start":{"line":112,"column":18},"end":{"line":112,"column":35}}]},"8":{"line":114,"type":"if","locations":[{"start":{"line":114,"column":8},"end":{"line":114,"column":8}},{"start":{"line":114,"column":8},"end":{"line":114,"column":8}}]},"9":{"line":129,"type":"if","locations":[{"start":{"line":129,"column":6},"end":{"line":129,"column":6}},{"start":{"line":129,"column":6},"end":{"line":129,"column":6}}]},"10":{"line":132,"type":"binary-expr","locations":[{"start":{"line":132,"column":20},"end":{"line":132,"column":27}},{"start":{"line":132,"column":31},"end":{"line":132,"column":47}}]},"11":{"line":194,"type":"binary-expr","locations":[{"start":{"line":194,"column":20},"end":{"line":194,"column":26}},{"start":{"line":194,"column":30},"end":{"line":194,"column":46}}]},"12":{"line":195,"type":"if","locations":[{"start":{"line":195,"column":6},"end":{"line":195,"column":6}},{"start":{"line":195,"column":6},"end":{"line":195,"column":6}}]},"13":{"line":195,"type":"binary-expr","locations":[{"start":{"line":195,"column":10},"end":{"line":195,"column":14}},{"start":{"line":195,"column":18},"end":{"line":195,"column":35}}]},"14":{"line":198,"type":"if","locations":[{"start":{"line":198,"column":8},"end":{"line":198,"column":8}},{"start":{"line":198,"column":8},"end":{"line":198,"column":8}}]},"15":{"line":201,"type":"if","locations":[{"start":{"line":201,"column":8},"end":{"line":201,"column":8}},{"start":{"line":201,"column":8},"end":{"line":201,"column":8}}]},"16":{"line":223,"type":"if","locations":[{"start":{"line":223,"column":6},"end":{"line":223,"column":6}},{"start":{"line":223,"column":6},"end":{"line":223,"column":6}}]},"17":{"line":224,"type":"binary-expr","locations":[{"start":{"line":224,"column":20},"end":{"line":224,"column":27}},{"start":{"line":224,"column":31},"end":{"line":224,"column":47}}]},"18":{"line":234,"type":"if","locations":[{"start":{"line":234,"column":6},"end":{"line":234,"column":6}},{"start":{"line":234,"column":6},"end":{"line":234,"column":6}}]},"19":{"line":235,"type":"if","locations":[{"start":{"line":235,"column":8},"end":{"line":235,"column":8}},{"start":{"line":235,"column":8},"end":{"line":235,"column":8}}]},"20":{"line":247,"type":"if","locations":[{"start":{"line":247,"column":6},"end":{"line":247,"column":6}},{"start":{"line":247,"column":6},"end":{"line":247,"column":6}}]},"21":{"line":247,"type":"binary-expr","locations":[{"start":{"line":247,"column":10},"end":{"line":247,"column":27}},{"start":{"line":247,"column":31},"end":{"line":247,"column":60}}]},"22":{"line":258,"type":"if","locations":[{"start":{"line":258,"column":0},"end":{"line":258,"column":0}},{"start":{"line":258,"column":0},"end":{"line":258,"column":0}}]},"23":{"line":259,"type":"if","locations":[{"start":{"line":259,"column":2},"end":{"line":259,"column":2}},{"start":{"line":259,"column":2},"end":{"line":259,"column":2}}]},"24":{"line":270,"type":"if","locations":[{"start":{"line":270,"column":4},"end":{"line":270,"column":4}},{"start":{"line":270,"column":4},"end":{"line":270,"column":4}}]},"25":{"line":272,"type":"if","locations":[{"start":{"line":272,"column":6},"end":{"line":272,"column":6}},{"start":{"line":272,"column":6},"end":{"line":272,"column":6}}]},"26":{"line":275,"type":"if","locations":[{"start":{"line":275,"column":6},"end":{"line":275,"column":6}},{"start":{"line":275,"column":6},"end":{"line":275,"column":6}}]},"27":{"line":293,"type":"if","locations":[{"start":{"line":293,"column":2},"end":{"line":293,"column":2}},{"start":{"line":293,"column":2},"end":{"line":293,"column":2}}]},"28":{"line":309,"type":"if","locations":[{"start":{"line":309,"column":4},"end":{"line":309,"column":4}},{"start":{"line":309,"column":4},"end":{"line":309,"column":4}}]},"29":{"line":311,"type":"if","locations":[{"start":{"line":311,"column":6},"end":{"line":311,"column":6}},{"start":{"line":311,"column":6},"end":{"line":311,"column":6}}]},"30":{"line":319,"type":"if","locations":[{"start":{"line":319,"column":11},"end":{"line":319,"column":11}},{"start":{"line":319,"column":11},"end":{"line":319,"column":11}}]},"31":{"line":344,"type":"if","locations":[{"start":{"line":344,"column":6},"end":{"line":344,"column":6}},{"start":{"line":344,"column":6},"end":{"line":344,"column":6}}]},"32":{"line":356,"type":"if","locations":[{"start":{"line":356,"column":4},"end":{"line":356,"column":4}},{"start":{"line":356,"column":4},"end":{"line":356,"column":4}}]},"33":{"line":357,"type":"if","locations":[{"start":{"line":357,"column":6},"end":{"line":357,"column":6}},{"start":{"line":357,"column":6},"end":{"line":357,"column":6}}]},"34":{"line":366,"type":"if","locations":[{"start":{"line":366,"column":11},"end":{"line":366,"column":11}},{"start":{"line":366,"column":11},"end":{"line":366,"column":11}}]},"35":{"line":386,"type":"if","locations":[{"start":{"line":386,"column":4},"end":{"line":386,"column":4}},{"start":{"line":386,"column":4},"en
[...]
ogs(cb) {","    var pend = new Pend();","    pend.go(function(cb) {","      maybeCreateLog(logNaughtPath, function(err, results) {","        naughtLog = results.log;","        naughtLogBehavior = results.behavior;","        cb(err);","      });","    });","    pend.go(function(cb) {","      maybeCreateLog(logStderrPath, function(err, results) {","        stderrLog = results.log;","        stderrBehavior = results.behavior;","        cb(err);","      });","    });","    pend.go(function(cb) {","      maybeCreateLog(logStdoutPath, function(err, results) {","        stdoutLog = results.log;","        stdoutBehavior = results.behavior;","        cb(err);","      });","    });","    pend.wait(function(err) {","      if (err) return cb(err);","","      if (naughtLogBehavior === 'inherit') {","        naughtLog = process.stderr;","      }","","      if (stderrBehavior === 'pipe') {","        stderrLog.on('error', function(err) {","          log(\"Error writing to \" + logStderrPath + \": \" + err.stack + \"\\n\");","        });","      }","      if (stdoutBehavior === 'pipe') {","        stdoutLog.on('error', function(err) {","          log(\"Error writing to \" + logStdoutPath + \": \" + err.stack + \"\\n\");","        });","      }","      if (naughtLogBehavior === 'pipe') {","        naughtLog.on('error', function(err){","          process.stderr.write(\"Error writing to \" + logNaughtPath + \": \" + err.stack + \"\\n\");","        });","      }","      cb();","    });","  }","","  function log(str) {","    if (naughtLog) naughtLog.write(str);","  }","","  function workerCountsFromMsg(counts) {","    return \"booting: \" + counts.booting +","      \", online: \" + counts.online +","      \", dying: \" + counts.dying +","      \", new_online: \" + counts.new_online;","  }","","  function onMessage(message) {","    if (naughtLog) {","      var str = message.event + \".\";","      if (message.count) str += \" \" + workerCountsFromMsg(message.count);","      naughtLog.write(str + \"\\n\");","    }","    if (socket) jsonSocket.send(socket, message);","    processSend(message);","  }","","  function createLogsAndIpcServer(cb) {","    var pend = new Pend();","    createLogs(pend.hold());","    mkdirp(path.dirname(socketPath), pend.hold());","    pend.wait(function(err) {","      if (err) return cb(err);","      server = net.createServer(function(newSocket){","        if (socket != null) {","          log(\"Warning: Only one connection to daemon allowed. Terminating old connection.\\n\");","          socket.destroy();","        }","        socket = newSocket;","        socket.on('error', function(err){","          log(\"Error: ipc channel socket: \" + err.stack + \"\\n\");","        });","        socket.once('end', function(){","          socket = null;","        });","        jsonSocket.listen(socket, function(msg){","          var response = handleSocketMessage(msg);","          if (response) {","            jsonSocket.send(response);","          }","        });","      });","      server.listen(socketPath, cb);","    });","  }","","  function spawnMaster() {","    var nodeArgs = splitCmdLine(nodeArgsStr);","    var stdoutValue = (stdoutBehavior === 'inherit') ? process.stdout : stdoutBehavior;","    var stderrValue = (stderrBehavior === 'inherit') ? process.stderr : stderrBehavior;","    master = spawn(process.execPath, nodeArgs.concat([path.join(__dirname, \"master.js\"), workerCount, script]).concat(argv), {","      env: process.env,","      stdio: [process.stdin, stdoutValue, stderrValue, 'ipc'],","      cwd: process.cwd(),","    });","    master.on('message', onMessage);","    if (stdoutBehavior === 'pipe') {","      master.stdout.pipe(stdoutLog, {end: false});","    }","    if (stderrBehavior === 'pipe') {","      master.stderr.pipe(stderrLog, {end: false});","    }","    master.on('close', function(){","      onMessage({","        event: 'Shutdown',","        count: {","          booting: 0,","          online: 0,","          dying: 0,","          new_online: 0","        }","      });","      try{","        fs.unlinkSync(pidFile);","      } catch (e) {}","        ","      server.close();","    });","  }","","  function handleSocketMessage(msg) {","    if (master != null) {","      if (msg.action === 'NaughtDeploy') {","        extend(process.env, msg.environment);","      }","      master.send(msg);","      return null;","    } else {","      processSend({event: 'Error', value: 'StillBooting'});","      return {","        event: 'ErrorStillBooting',","      };","    }","  }","}","","function splitCmdLine(str) {","  if (str.length === 0) {","    return [];","  } else {","    return str.split(/\\s+/);","  }","}","","function extend(obj, src) {","  for (var key in src) {","    if (own.call(src, key)) obj[key] = src[key];","  }","  return obj;","}","","function processSend(msg) {","  try {","    process.send(msg);","  } catch (err) {","    // ignore","  }","}",""],"l":{"1":1,"2":1,"3":1,"4":1,"5":1,"6":1,"7":1,"8":1,"9":1,"11":1,"13":1,"15":1,"16":0,"17":0,"18":0,"19":0,"20":0,"21":0,"22":0,"23":0,"24":0,"26":0,"27":0,"28":0,"30":0,"31":0,"32":0,"34":0,"35":0,"36":0,"38":0,"39":0,"40":0,"41":0,"42":0,"45":0,"46":0,"55":0,"56":0,"59":0,"60":0,"63":0,"64":0,"67":1,"69":0,"70":0,"74":0,"75":0,"80":0,"81":0,"82":0,"90":1,"91":0,"92":0,"93":0,"94":0,"95":0,"96":0,"99":0,"100":0,"101":0,"102":0,"103":0,"106":0,"107":0,"108":0,"109":0,"110":0,"113":0,"114":0,"116":0,"117":0,"120":0,"121":0,"122":0,"125":0,"126":0,"127":0,"130":0,"131":0,"132":0,"135":0,"139":1,"140":0,"143":1,"144":0,"150":1,"151":0,"152":0,"153":0,"154":0,"156":0,"157":0,"160":1,"161":0,"162":0,"163":0,"164":0,"165":0,"166":0,"167":0,"168":0,"169":0,"171":0,"172":0,"173":0,"175":0,"176":0,"178":0,"179":0,"180":0,"181":0,"185":0,"189":1,"190":0,"191":0,"192":0,"193":0,"198":0,"199":0,"200":0,"202":0,"203":0,"205":0,"206":0,"215":0,"216":0,"219":0,"223":1,"224":0,"225":0,"226":0,"228":0,"229":0,"231":0,"232":0,"239":1,"240":0,"241":0,"243":0,"247":1,"248":0,"249":0,"251":0,"254":1,"255":0,"256":0}},"/home/travis/build/npmtest/node-npmtest-naught/node_modules/naught/lib/log.js":{"path":"/home/travis/build/npmtest/node-npmtest-naught/node_modules/naught/lib/log.js","s":{"1":1,"2":1,"3":1,"4":1,"5":1,"6":1,"7":1,"8":0,"9":1,"10":0,"11":0,"12":0,"13":0,"14":0,"15":0,"16":0,"17":0,"18":1,"19":0,"20":0,"21":0,"22":0,"23":0,"24":0,"25":0,"26":0,"27":0,"28":0,"29":0,"30":0,"31":0,"32":0,"33":0,"34":0,"35":0,"36":0,"37":0,"38":0,"39":0,"40":0,"41":0,"42":0,"43":0,"44":0,"45":0,"46":0,"47":0,"48":0,"49":0,"50":0,"51":0,"52":0,"53":0,"54":1,"55":0,"56":0,"57":0,"58":0,"59":0,"60":0,"61":1,"62":0,"63":0,"64":0,"65":0,"66":0,"67":0,"68":0,"69":0,"70":1,"71":0,"72":0,"73":0,"74":0,"75":0},"b":{"1":[0,0],"2":[0,0],"3":[0,0],"4":[0,0],"5":[0,0],"6":[0,0],"7":[0,0],"8":[0,0],"9":[0,0],"10":[0,0],"11":[0,0],"12":[0,0]},"f":{"1":0,"2":0,"3":0,"4":0,"5":0,"6":0,"7":0,"8":0,"9":0,"10":0,"11":0,"12":0,"13":0,"14":0,"15":0,"16":0,"17":0,"18":0,"19":0},"fnMap":{"1":{"name":"create","line":12,"loc":{"start":{"line":12,"column":0},"end":{"line":12,"column":39}}},"2":{"name":"onHaveStream","line":15,"loc":{"start":{"line":15,"column":2},"end":{"line":15,"column":43}}},"3":{"name":"(anonymous_3)","line":19,"loc":{"start":{"line":19,"column":23},"end":{"line":19,"column":37}}},"4":{"name":"logWrite","line":24,"loc":{"start":{"line":24,"column":4},"end":{"line":24,"column":27}}},"5":{"name":"(anonymous_5)","line":31,"loc":{"start":{"line":31,"column":31},"end":{"line":31,"column":42}}},"6":{"name":"(anonymous_6)","line":39,"loc":{"start":{"line":39,"column":41},"end":{"line":39,"column":54}}},"7":{"name":"(anonymous_7)","line":41,"loc":{"start":{"line":41,"column":33},"end":{"line":41,"column":66}}},"8":{"name":"(anonymous_8)","line":43,"loc":{"start":{"line":43,"column":33},"end":{"line":43,"column":44}}},"9":{"name":"(anonymous_9)","line":47,"loc":{"start":{"line":47,"column":30},"end":{"line":47,"column":44}}},"10":{"name":"(anonymous_10)","line":50,"loc":{"start":{"line":50,"column":30},"end":{"line":50,"column":43}}},"11":{"name":"(anonymous_11)","line":54,"loc":{"start":{"line":54,"column":32},"end":{"line":54,"column":42}}},"12":{"name":"(anonymous_12)","line":55,"loc":{"start":{"line":55,"column":39},"end":{"line":55,"column":52}}},"13":{"name":"(anonymous_13)","line":61,"loc":{"start":{"line":61,"column":34},"end":{"line":61,"column":48}}},"14":{"name":"getFileSize","line":73,"loc":{"start":{"line":73,"column":0},"end":{"line":73,"column":34}}},"15":{"name":"(anonymous_15)","line":74,"loc":{"start":{"line":74,"column":20},"end":{"line":74,"column":40}}},"16":{"name":"createStream","line":86,"loc":{"start":{"line":86,"column":0},"end":{"line":86,"column":35}}},"17":{"name":"(anonymous_17)","line":87,"loc":{"start":{"line":87,"column":33},"end":{"line":87,"column":46}}},"18":{"name":"(anonymous_18)","line":89,"loc":{"start":{"line":89,"column":26},"end":{"line":89,"column":45}}},"19":{"name":"getArchiveName","line":98,"loc":{"start":{"line":98,"column":0},"end":{"line":98,"column":33}}}},"statementMap":{"1":{"start":{"line":1,"column":0},"end":{"line":1,"column":24}},"2":{"start":{"line":3,"column":0},"end":{"line":3,"column":23}},"3":{"start":{"line":4,"column":0},"end":{"line":4,"column":31}},"4":{"start":{"line":5,"column":0},"end":{"line":5,"column":27}},"5":{"start":{"line":6,"column":0},"end":{"line":6,"column":50}},"6":{"start":{"line":7,"column":0},"end":{"line":7,"column":27}},"7":{"start":{"line":12,"column":0},"end":{"line":72,"column":1}},"8":{"start":{"line":13,"column":2},"end":{"line":13,"column":39}},"9":{"start":{"line":15,"column":2},"end":{"line":71,"column":3}},"10":{"start":{"line":16,"column":4},"end":{"line":16,"column":28}},"11":{"start":{"line":16,"column":13},"end":{"line":16,"column":28}},"12":{"start":{"line":17,"column":4},"end":{"line":17,"column":23}},"13":{"start":{"line":18,"column":4},"end":{"line":18,"column":33}},"14":{"start":{"line":19,"column":4},"end":{"line":21,"column":7}},"15":{"start":{"line":20,"column":6},"end":{"line":20,"column":29}},"16":{"start":{"line":22,"column":4},"end":{"line":22,"column":25}},"17":{"start":{"line":23,"column":4},"end":{"line":23,"column":18}},"18":{"start":{"line":24,"column":4},"end":{"line":70,"column":5}},"19":{"start":{"line":25,"column":6},"end":{"line":25,"column":38}},"20":{"start":{"line":26,"column":6},"end":{"line":26,"column":25}},"21":{"start":{"line":27,"column":6},"end":{"line":35,"column":7}},"22":{"start":{"line":28,"column":8},"end":{"line":34,"column":9}},"23":{"start":{"line":29,"column":10},"end":{"line":29,"column":25}},"24":{"start":{"line":31,"column":10},"end":{"line":33,"column":13}},"25":{"start":{"line":32,"column":12},"end":{"line":32,"column":27}},"26":{"start":{"line":36,"column":6},"end":{"line":69,"column":7}},"27":{"start":{"line":37,"column":8},"end":{"line":37,"column":27}},"28":{"start":{"line":38,"column":8},"end":{"line":38,"column":51}},"29":{"start":{"line":39,"column":8},"end":{"line":68,"column":11}},"30":{"start":{"line":40,"column":10},"end":{"line":40,"column":49}},"31":{"start":{"line":40,"column":19},"end":{"line":40,"column":49}},"32":{"start":{"line":41,"column":10},"end":{"line":67,"column":13}},"33":{"start":{"line":42,"column":12},"end":{"line":42,"column":51}},"34":{"start":{"line":42,"column":21},"end":{"line":42,"column":51}},"35":{"start":{"line":43,"column":12},"end":{"line":59,"column":15}},"36":{"start":{"line":44,"column":14},"end":{"line":44,"column":43}},"37":{"start":{"line":45,"column":14},"end":{"line":45,"column":57}},"38":{"start":{"line":46,"column":14},"end":{"line":46,"column":66}},"39":{"start":{"line":47,"column":14},"end":{"line":49,"column":17}},"40":{"start":{"line":48,"column":16},"end":{"line":48,"column":46}},"41":{"start":{"line":50,"column":14},"end":{"line":52,"column":17}},"42":{"start":{"line":51,"column":16},"end":{"line":51,"column":46}},"43":{"start":{"line":53,"column":14},"end":{"line":53,"column":39}},"44":{"start":{"line":54,"column":14},"end":{"line":58,"column":17}},"45":{"start":{"line":55,"column":16},"end":{"line":57,"column":19}},"46":{"start":{"line":56,"column":18},"end":{"line":56,"column":57}},"47":{"start":{"line":56,"column":27},"end":{"line":56,"column":57}},"48":{"start":{"line":60,"column":12},"end":{"line":60,"column":25}},"49":{"start":{"line":61,"column":12},"end":{"line":63,"column":15}},"50":{"start":{"line":62,"column":14},"end":{"line":62,"column":44}},"51":{"start":{"line":64,"column":12},"end":{"line":64,"column":27}},"52":{"start":{"line":65,"column":12},"end":{"line":65,"column":31}},"53":{"start":{"line":66,"column":12},"end":{"line":66,"column":30}},"54":{"start":{"line":73,"column":0},"end":{"line":85,"column":1}},"55":{"start":{"line":74,"column":2},"end":{"line":84,"column":5}},"56":{"start":{"line":75,"column":4},"end":{"line":83,"column":5}},"57":{"start":{"line":76,"column":6},"end":{"line":80,"column":7}},"58":{"start":{"line":77,"column":8},"end":{"line":77,"column":27}},"59":{"start":{"line":79,"column":8},"end":{"line":79,"column":23}},"60":{"start":{"line":82,"column":6},"end":{"line":82,"column":27}},"61":{"start":{"line":86,"column":0},"end":{"line":97,"column":1}},"62":{"start":{"line":87,"column":2},"end":{"line":96,"column":5}},"63":{"start":{"line":88,"column":4},"end":{"line":88,"column":28}},"64":{"start":{"line":88,"column":13},"end":{"line":88,"column":28}},"65":{"start":{"line":89,"column":4},"end":{"line":95,"column":7}},"66":{"start":{"line":90,"column":6},"end":{"line":90,"column":30}},"67":{"start":{"line":90,"column":15},"end":{"line":90,"column":30}},"68":{"start":{"line":91,"column":6},"end":{"line":93,"column":9}},"69":{"start":{"line":94,"column":6},"end":{"line":94,"column":29}},"70":{"start":{"line":98,"column":0},"end":{"line":104,"column":1}},"71":{"start":{"line":99,"column":2},"end":{"line":99,"column":39}},"72":{"start":{"line":100,"column":2},"end":{"line":100,"column":39}},"73":{"start":{"line":101,"column":2},"end":{"line":101,"column":50}},"74":{"start":{"line":102,"column":2},"end":{"line":102,"column":39}},"75":{"start":{"line":103,"column":2},"end":{"line":103,"column":66}}},"branchMap":{"1":{"line":16,"type":"if","locations":[{"start":{"line":16,"column":4},"end":{"line":16,"column":4}},{"start":{"line":16,"column":4},"end":{"line":16,"column":4}}]},"2":{"line":27,"type":"if","locations":[{"start":{"line":27,"column":6},"end":{"line":27,"column":6}},{"start":{"line":27,"column":6},"end":{"line":27,"column":6}}]},"3":{"line":28,"type":"if","locations":[{"start":{"line":28,"column":8},"end":{"line":28,"column":8}},{"start":{"line":28,"column":8},"end":{"line":28,"column":8}}]},"4":{"line":36,"type":"if","locations":[{"start":{"line":36,"column":6},"end":{"line":36,"column":6}},{"start":{"line":36,"column":6},"end":{"line":36,"column":6}}]},"5":{"line":36,"type":"binary-expr","locations":[{"start":{"line":36,"column":10},"end":{"line":36,"column":25}},{"start":{"line":36,"column":29},"end":{"line":36,"column":44}}]},"6":{"line":40,"type":"if","locations":[{"start":{"line":40,"column":10},"end":{"line":40,"column":10}},{"start":{"line":40,"column":10},"end":{"line":40,"column":10}}]},"7":{"line":42,"type":"if","locations":[{"start":{"line":42,"column":12},"end":{"line":42,"column":12}},{"start":{"line":42,"column":12},"end":{"line":42,"column":12}}]},"8":{"line":56,"type":"if","locations":[{"start":{"line":56,"column":18},"end":{"line":56,"column":18}},{"start":{"line":56,"column":18},"end":{"line":56,"column":18}}]},"9":{"line":75,"type":"if","locations":[{"start":{"line":75,"column":4},"end":{"line":75,"column":4}},{"start":{"line":75,"column":4},"end":{"line":75,"column":4}}]},"10":{"line":76,"type":"if","locations":[{"start":{"line":76,"column":6},"end":{"line":76,"column":6}},{"start":{"line":76,"column":6},"end":{"line":76,"column":6}}]},"11":{"line":88,"type":"if","locations":[{"start":{"line":88,"column":4},"end":{"line":88,"column":4}},{"start":{"line":88,"column":4},"end":{"line":88,"column":4}}]},"12":{"line":90,"type":"if","locations":[{"start":{"line":90,"column":6},"end":{"line":90,"column":6}},{"start":{"line":90,"column":6},"end":{"line":90,"column":6}}]}},"code":["exports.create = create;","","var fs = require('fs');","var mkdirp = require('mkdirp');","var path = require('path');","var EventEmitter = require('events').EventEmitter;","var zlib = require('zlib');","","// cb(err, log)","//   log.write(str, cb)","//     cb(err)","function create(filePath, maxSize, cb) {","  createStream(filePath, onHaveStream);","","  function onHaveStream(err, stream, size) {","    if (err) return cb(err);","    var pending = null;","    var log = new EventEmitter();","    stream.on('error', function(err) {","      log.emit('error', err);","    });","    log.write = logWrite;","    cb(null, log);","    function logWrite(str) {","      var flushed = stream.write(str);","      size += str.length;","      if (pending === 'flush') {","        if (flushed) {","          pending = null;","        } else {","          stream.once('drain', function() {","            pending = null;","          });","        }","      }","      if (pending == null && size >= maxSize) {","        pending = 'rename';","        var archiveName = getArchiveName(filePath);","        fs.rename(filePath, archiveName, function(err){","          if (err) return log.emit('error', err);","          createStream(filePath, function(err, newStream, newSize){","            if (err) return log.emit('error', err);","            stream.once('close', function() {","              var gzip = zlib.createGzip();","              var inp = fs.createReadStream(archiveName);","              var out = fs.createWriteStream(archiveName + \".gz\");","              inp.on('error', function(err) {","                return log.emit('error', err);","              });","              out.on('error', function(err){","                return log.emit('error', err);","              });","              inp.pipe(gzip).pipe(out);","              out.once('close', function(){","                fs.unlink(archiveName, function(err){","                  if (err) return log.emit('error', err);","                });","              });","            });","            stream.end();","            newStream.on('error', function(err) {","              return log.emit('error', err);","            });","            size = newSize;","            stream = newStream;","            pending = 'flush';","          });","        });","      }","    }","  }","}","function getFileSize(filePath, cb){","  fs.stat(filePath, function(err, stats){","    if (err) {","      if (err.code === 'ENOENT') {","        return cb(null, 0);","      } else {","        return cb(err);","      }","    } else {","      cb(null, stats.size);","    }","  });","}","function createStream(filePath, cb){","  mkdirp(path.dirname(filePath), function(err){","    if (err) return cb(err);","    getFileSize(filePath, function(err, size){","      if (err) return cb(err);","      var stream = fs.createWriteStream(filePath, {","        flags: 'a'","      });","      cb(null, stream, size);","    });","  });","}","function getArchiveName(filePath){","  var dirname = path.dirname(filePath);","  var extname = path.extname(filePath);","  var basename = path.basename(filePath, extname);","  var timestamp = new Date().getTime();","  return path.join(dirname, basename + \"-\" + timestamp + extname);","}",""],"l":{"1":1,"3":1,"4":1,"5":1,"6":1,"7":1,"12":1,"13":0,"15":1,"16":0,"17":0,"18":0,"19":0,"20":0,"22":0,"23":0,"24":1,"25":0,"26":0,"27":0,"28":0,"29":0,"31":0,"32":0,"36":0,"37":0,"38":0,"39":0,"40":0,"41":0,"42":0,"43":0,"44":0,"45":0,"46":0,"47":0,"48":0,"50":0,"51":0,"53":0,"54":0,"55":0,"56":0,"60":0,"61":0,"62":0,"64":0,"65":0,"66":0,"73":1,"74":0,"75":0,"76":0,"77":0,"79":0,"82":0,"86":1,"87":0,"88":0,"89":0,"90":0,"91":0,"94":0,"98":1,"99":0,"100":0,"101":0,"102":0,"103":0}}}